#
# There is insufficient memory for the Java Runtime Environment to continue.
# Native memory allocation (malloc) failed to allocate 21757952 bytes for committing reserved memory.
# Possible reasons:
#   The system is out of physical RAM or swap space
#   In 32 bit mode, the process size limit was hit
# Possible solutions:
#   Reduce memory load on the system
#   Increase physical memory or swap space
#   Check if swap backing store is full
#   Use 64 bit Java on a 64 bit OS
#   Decrease Java heap size (-Xmx/-Xms)
#   Decrease number of Java threads
#   Decrease Java thread stack sizes (-Xss)
#   Set larger code cache with -XX:ReservedCodeCacheSize=
# This output file may be truncated or incomplete.
#
#  Out of Memory Error (os_linux.cpp:2756), pid=16510, tid=140582291601152
#
# JRE version: Java(TM) SE Runtime Environment (7.0_80-b15) (build 1.7.0_80-b15)
# Java VM: Java HotSpot(TM) 64-Bit Server VM (24.80-b11 mixed mode linux-amd64 compressed oops)
# Failed to write core dump. Core dumps have been disabled. To enable core dumping, try "ulimit -c unlimited" before starting Java again
#

---------------  T H R E A D  ---------------

Current thread (0x00007fdbd8087000):  VMThread [stack: 0x00007fdbdd7d7000,0x00007fdbdd8d8000] [id=16512]

Stack: [0x00007fdbdd7d7000,0x00007fdbdd8d8000],  sp=0x00007fdbdd8d61d0,  free space=1020k
Native frames: (J=compiled Java code, j=interpreted, Vv=VM code, C=native code)
V  [libjvm.so+0x9a320a]  VMError::report_and_die()+0x2ea
V  [libjvm.so+0x498d3b]  report_vm_out_of_memory(char const*, int, unsigned long, char const*)+0x9b
V  [libjvm.so+0x82191e]  os::Linux::commit_memory_impl(char*, unsigned long, bool)+0xfe
V  [libjvm.so+0x821e69]  os::pd_commit_memory(char*, unsigned long, unsigned long, bool)+0x29
V  [libjvm.so+0x81bb6a]  os::commit_memory(char*, unsigned long, unsigned long, bool)+0x2a
V  [libjvm.so+0x99ea19]  VirtualSpace::expand_by(unsigned long, bool)+0x1c9
V  [libjvm.so+0x4a0a72]  DefNewGeneration::compute_new_size()+0x1a2
V  [libjvm.so+0x56ca54]  GenCollectedHeap::do_collection(bool, bool, unsigned long, bool, int)+0x754
V  [libjvm.so+0x42b0e4]  GenCollectorPolicy::satisfy_failed_allocation(unsigned long, bool)+0x104
V  [libjvm.so+0x9a4284]  VM_GenCollectForAllocation::doit()+0x94
V  [libjvm.so+0x9abf35]  VM_Operation::evaluate()+0x55
V  [libjvm.so+0x9aa2fa]  VMThread::evaluate_operation(VM_Operation*)+0xba
V  [libjvm.so+0x9aa67e]  VMThread::loop()+0x1ce
V  [libjvm.so+0x9aaaf0]  VMThread::run()+0x70
V  [libjvm.so+0x8238c8]  java_start(Thread*)+0x108

VM_Operation (0x00007fdbd4ffe500): GenCollectForAllocation, mode: safepoint, requested by thread 0x00007fdbc46c5000


---------------  P R O C E S S  ---------------

Java Threads: ( => current thread )
  0x00007fdbc43e3800 JavaThread "File IO Thread" [_thread_blocked, id=16561, stack(0x00007fdbd49bc000,0x00007fdbd4abd000)]
  0x00007fdbc8012000 JavaThread "Netty Epoll Server IO #1" daemon [_thread_blocked, id=16530, stack(0x00007fdbd4abd000,0x00007fdbd4bbe000)]
  0x00007fdbc465e800 JavaThread "Server Watchdog" daemon [_thread_blocked, id=16529, stack(0x00007fdbd4bbe000,0x00007fdbd4cbf000)]
  0x00007fdbc46c5000 JavaThread "Netty Epoll Server IO #0" daemon [_thread_blocked, id=16528, stack(0x00007fdbd4eff000,0x00007fdbd5000000)]
  0x00007fdbc41db800 JavaThread "Server console handler" daemon [_thread_in_native, id=16523, stack(0x00007fdbdc01e000,0x00007fdbdc11f000)]
  0x00007fdbd8009800 JavaThread "DestroyJavaVM" [_thread_blocked, id=16511, stack(0x00007fdbe0abf000,0x00007fdbe0bc0000)]
  0x00007fdbd8394000 JavaThread "Server thread" [_thread_blocked, id=16522, stack(0x00007fdbdc11f000,0x00007fdbdc220000)]
  0x00007fdbd8393800 JavaThread "Server Infinisleeper" daemon [_thread_blocked, id=16521, stack(0x00007fdbdc220000,0x00007fdbdc321000)]
  0x00007fdbd8345000 JavaThread "Snooper Timer" daemon [_thread_blocked, id=16520, stack(0x00007fdbdc321000,0x00007fdbdc422000)]
  0x00007fdbd80b5000 JavaThread "Service Thread" daemon [_thread_blocked, id=16518, stack(0x00007fdbdcf08000,0x00007fdbdd009000)]
  0x00007fdbd80b2800 JavaThread "C2 CompilerThread1" daemon [_thread_blocked, id=16517, stack(0x00007fdbdd009000,0x00007fdbdd10a000)]
  0x00007fdbd80b0000 JavaThread "C2 CompilerThread0" daemon [_thread_blocked, id=16516, stack(0x00007fdbdd10a000,0x00007fdbdd20b000)]
  0x00007fdbd80ae000 JavaThread "Signal Dispatcher" daemon [_thread_blocked, id=16515, stack(0x00007fdbdd20b000,0x00007fdbdd30c000)]
  0x00007fdbd808d000 JavaThread "Finalizer" daemon [_thread_blocked, id=16514, stack(0x00007fdbdd5d5000,0x00007fdbdd6d6000)]
  0x00007fdbd808b000 JavaThread "Reference Handler" daemon [_thread_blocked, id=16513, stack(0x00007fdbdd6d6000,0x00007fdbdd7d7000)]

Other Threads:
=>0x00007fdbd8087000 VMThread [stack: 0x00007fdbdd7d7000,0x00007fdbdd8d8000] [id=16512]
  0x00007fdbd80c0000 WatcherThread [stack: 0x00007fdbdce07000,0x00007fdbdcf08000] [id=16519]

VM state:at safepoint (normal execution)

VM Mutex/Monitor currently owned by a thread:  ([mutex/lock_event])
[0x00007fdbd80058f0] ExpandHeap_lock - owner thread: 0x00007fdbd8087000
[0x00007fdbd8005f70] Threads_lock - owner thread: 0x00007fdbd8087000
[0x00007fdbd8006470] Heap_lock - owner thread: 0x00007fdbc46c5000

Heap
 def new generation   total 119360K, used 0K [0x00000000dae00000, 0x00000000e2f80000, 0x00000000e58a0000)
  eden space 106112K,   0% used [0x00000000dae00000, 0x00000000dae00000, 0x00000000e15a0000)
  from space 13248K,   0% used [0x00000000e15a0000, 0x00000000e15a0000, 0x00000000e2290000)
  to   space 13248K,   0% used [0x00000000e2290000, 0x00000000e2290000, 0x00000000e2f80000)
 tenured generation   total 307612K, used 162251K [0x00000000e58a0000, 0x00000000f8507000, 0x00000000fae00000)
   the space 307612K,  52% used [0x00000000e58a0000, 0x00000000ef712d08, 0x00000000ef712e00, 0x00000000f8507000)
 compacting perm gen  total 23680K, used 23665K [0x00000000fae00000, 0x00000000fc520000, 0x0000000100000000)
   the space 23680K,  99% used [0x00000000fae00000, 0x00000000fc51c678, 0x00000000fc51c800, 0x00000000fc520000)
No shared spaces configured.

Card table byte_map: [0x00007fdbddc89000,0x00007fdbdddb3000] byte_map_base: 0x00007fdbdd5b2000

Polling page: 0x00007fdbe0be3000

Code Cache  [0x00007fdbd5000000, 0x00007fdbd56b0000, 0x00007fdbd8000000)
 total_blobs=2622 nmethods=2151 adapters=423 free_code_cache=42686Kb largest_free_block=43381632

Compilation events (10 events):
Event: 45711.526 Thread 0x00007fdbd80b0000 2674 % !         java.util.concurrent.ConcurrentHashMap$Segment::put @ 48 (237 bytes)
Event: 45711.551 Thread 0x00007fdbd80b0000 nmethod 2674% 0x00007fdbd554dd10 code [0x00007fdbd554dee0, 0x00007fdbd554e5a8]
Event: 45711.622 Thread 0x00007fdbd80b2800 2675   !         java.util.concurrent.ConcurrentHashMap$Segment::put (237 bytes)
Event: 45711.674 Thread 0x00007fdbd80b2800 nmethod 2675 0x00007fdbd5599590 code [0x00007fdbd5599740, 0x00007fdbd5599de8]
Event: 45712.757 Thread 0x00007fdbd80b0000 2676             xo::K (636 bytes)
Event: 45713.139 Thread 0x00007fdbd80b0000 nmethod 2676 0x00007fdbd5519190 code [0x00007fdbd5519760, 0x00007fdbd551be68]
Event: 45713.353 Thread 0x00007fdbd80b2800 2677             qx::t_ (612 bytes)
Event: 45713.726 Thread 0x00007fdbd80b0000 2678             bpc::a (907 bytes)
Event: 45714.008 Thread 0x00007fdbd80b0000 nmethod 2678 0x00007fdbd55fa910 code [0x00007fdbd55fac60, 0x00007fdbd55fd388]
Event: 45714.046 Thread 0x00007fdbd80b2800 nmethod 2677 0x00007fdbd52c7490 code [0x00007fdbd52c7aa0, 0x00007fdbd52cae00]

GC Heap History (10 events):
Event: 45700.187 GC heap after
Heap after GC invocations=1061 (full 13):
 def new generation   total 119360K, used 5286K [0x00000000dae00000, 0x00000000e2f80000, 0x00000000e58a0000)
  eden space 106112K,   0% used [0x00000000dae00000, 0x00000000dae00000, 0x00000000e15a0000)
  from space 13248K,  39% used [0x00000000e2290000, 0x00000000e27b9808, 0x00000000e2f80000)
  to   space 13248K,   0% used [0x00000000e15a0000, 0x00000000e15a0000, 0x00000000e2290000)
 tenured generation   total 265176K, used 241019K [0x00000000e58a0000, 0x00000000f5b96000, 0x00000000fae00000)
   the space 265176K,  90% used [0x00000000e58a0000, 0x00000000f43fee68, 0x00000000f43ff000, 0x00000000f5b96000)
 compacting perm gen  total 23680K, used 23660K [0x00000000fae00000, 0x00000000fc520000, 0x0000000100000000)
   the space 23680K,  99% used [0x00000000fae00000, 0x00000000fc51b3e0, 0x00000000fc51b400, 0x00000000fc520000)
No shared spaces configured.
}
Event: 45706.464 GC heap before
{Heap before GC invocations=1061 (full 13):
 def new generation   total 119360K, used 111398K [0x00000000dae00000, 0x00000000e2f80000, 0x00000000e58a0000)
  eden space 106112K, 100% used [0x00000000dae00000, 0x00000000e15a0000, 0x00000000e15a0000)
  from space 13248K,  39% used [0x00000000e2290000, 0x00000000e27b9808, 0x00000000e2f80000)
  to   space 13248K,   0% used [0x00000000e15a0000, 0x00000000e15a0000, 0x00000000e2290000)
 tenured generation   total 265176K, used 241019K [0x00000000e58a0000, 0x00000000f5b96000, 0x00000000fae00000)
   the space 265176K,  90% used [0x00000000e58a0000, 0x00000000f43fee68, 0x00000000f43ff000, 0x00000000f5b96000)
 compacting perm gen  total 23680K, used 23660K [0x00000000fae00000, 0x00000000fc520000, 0x0000000100000000)
   the space 23680K,  99% used [0x00000000fae00000, 0x00000000fc51b3e0, 0x00000000fc51b400, 0x00000000fc520000)
No shared spaces configured.
Event: 45706.475 GC heap after
Heap after GC invocations=1062 (full 13):
 def new generation   total 119360K, used 9022K [0x00000000dae00000, 0x00000000e2f80000, 0x00000000e58a0000)
  eden space 106112K,   0% used [0x00000000dae00000, 0x00000000dae00000, 0x00000000e15a0000)
  from space 13248K,  68% used [0x00000000e15a0000, 0x00000000e1e6f860, 0x00000000e2290000)
  to   space 13248K,   0% used [0x00000000e2290000, 0x00000000e2290000, 0x00000000e2f80000)
 tenured generation   total 265176K, used 241019K [0x00000000e58a0000, 0x00000000f5b96000, 0x00000000fae00000)
   the space 265176K,  90% used [0x00000000e58a0000, 0x00000000f43fee68, 0x00000000f43ff000, 0x00000000f5b96000)
 compacting perm gen  total 23680K, used 23660K [0x00000000fae00000, 0x00000000fc520000, 0x0000000100000000)
   the space 23680K,  99% used [0x00000000fae00000, 0x00000000fc51b3e0, 0x00000000fc51b400, 0x00000000fc520000)
No shared spaces configured.
}
Event: 45711.043 GC heap before
{Heap before GC invocations=1062 (full 13):
 def new generation   total 119360K, used 115134K [0x00000000dae00000, 0x00000000e2f80000, 0x00000000e58a0000)
  eden space 106112K, 100% used [0x00000000dae00000, 0x00000000e15a0000, 0x00000000e15a0000)
  from space 13248K,  68% used [0x00000000e15a0000, 0x00000000e1e6f860, 0x00000000e2290000)
  to   space 13248K,   0% used [0x00000000e2290000, 0x00000000e2290000, 0x00000000e2f80000)
 tenured generation   total 265176K, used 241019K [0x00000000e58a0000, 0x00000000f5b96000, 0x00000000fae00000)
   the space 265176K,  90% used [0x00000000e58a0000, 0x00000000f43fee68, 0x00000000f43ff000, 0x00000000f5b96000)
 compacting perm gen  total 23680K, used 23665K [0x00000000fae00000, 0x00000000fc520000, 0x0000000100000000)
   the space 23680K,  99% used [0x00000000fae00000, 0x00000000fc51c4a0, 0x00000000fc51c600, 0x00000000fc520000)
No shared spaces configured.
Event: 45711.062 GC heap after
Heap after GC invocations=1063 (full 13):
 def new generation   total 119360K, used 13248K [0x00000000dae00000, 0x00000000e2f80000, 0x00000000e58a0000)
  eden space 106112K,   0% used [0x00000000dae00000, 0x00000000dae00000, 0x00000000e15a0000)
  from space 13248K, 100% used [0x00000000e2290000, 0x00000000e2f80000, 0x00000000e2f80000)
  to   space 13248K,   0% used [0x00000000e15a0000, 0x00000000e15a0000, 0x00000000e2290000)
 tenured generation   total 265176K, used 247338K [0x00000000e58a0000, 0x00000000f5b96000, 0x00000000fae00000)
   the space 265176K,  93% used [0x00000000e58a0000, 0x00000000f4a2a938, 0x00000000f4a2aa00, 0x00000000f5b96000)
 compacting perm gen  total 23680K, used 23665K [0x00000000fae00000, 0x00000000fc520000, 0x0000000100000000)
   the space 23680K,  99% used [0x00000000fae00000, 0x00000000fc51c4a0, 0x00000000fc51c600, 0x00000000fc520000)
No shared spaces configured.
}
Event: 45711.963 GC heap before
{Heap before GC invocations=1063 (full 13):
 def new generation   total 119360K, used 119360K [0x00000000dae00000, 0x00000000e2f80000, 0x00000000e58a0000)
  eden space 106112K, 100% used [0x00000000dae00000, 0x00000000e15a0000, 0x00000000e15a0000)
  from space 13248K, 100% used [0x00000000e2290000, 0x00000000e2f80000, 0x00000000e2f80000)
  to   space 13248K,   0% used [0x00000000e15a0000, 0x00000000e15a0000, 0x00000000e2290000)
 tenured generation   total 265176K, used 247627K [0x00000000e58a0000, 0x00000000f5b96000, 0x00000000fae00000)
   the space 265176K,  93% used [0x00000000e58a0000, 0x00000000f4a72ec8, 0x00000000f4a73000, 0x00000000f5b96000)
 compacting perm gen  total 23680K, used 23665K [0x00000000fae00000, 0x00000000fc520000, 0x0000000100000000)
   the space 23680K,  99% used [0x00000000fae00000, 0x00000000fc51c638, 0x00000000fc51c800, 0x00000000fc520000)
No shared spaces configured.
Event: 45712.278 GC heap after
Heap after GC invocations=1064 (full 13):
 def new generation   total 119360K, used 13247K [0x00000000dae00000, 0x00000000e2f80000, 0x00000000e58a0000)
  eden space 106112K,   0% used [0x00000000dae00000, 0x00000000dae00000, 0x00000000e15a0000)
  from space 13248K,  99% used [0x00000000e15a0000, 0x00000000e228fff8, 0x00000000e2290000)
  to   space 13248K,   0% used [0x00000000e2290000, 0x00000000e2290000, 0x00000000e2f80000)
 tenured generation   total 294364K, used 294273K [0x00000000e58a0000, 0x00000000f7817000, 0x00000000fae00000)
   the space 294364K,  99% used [0x00000000e58a0000, 0x00000000f78004a8, 0x00000000f7800600, 0x00000000f7817000)
 compacting perm gen  total 23680K, used 23665K [0x00000000fae00000, 0x00000000fc520000, 0x0000000100000000)
   the space 23680K,  99% used [0x00000000fae00000, 0x00000000fc51c638, 0x00000000fc51c800, 0x00000000fc520000)
No shared spaces configured.
}
Event: 45714.048 GC heap before
{Heap before GC invocations=1064 (full 13):
 def new generation   total 119360K, used 119359K [0x00000000dae00000, 0x00000000e2f80000, 0x00000000e58a0000)
  eden space 106112K, 100% used [0x00000000dae00000, 0x00000000e15a0000, 0x00000000e15a0000)
  from space 13248K,  99% used [0x00000000e15a0000, 0x00000000e228fff8, 0x00000000e2290000)
  to   space 13248K,   0% used [0x00000000e2290000, 0x00000000e2290000, 0x00000000e2f80000)
 tenured generation   total 295132K, used 294969K [0x00000000e58a0000, 0x00000000f78d7000, 0x00000000fae00000)
   the space 295132K,  99% used [0x00000000e58a0000, 0x00000000f78ae458, 0x00000000f78ae600, 0x00000000f78d7000)
 compacting perm gen  total 23680K, used 23665K [0x00000000fae00000, 0x00000000fc520000, 0x0000000100000000)
   the space 23680K,  99% used [0x00000000fae00000, 0x00000000fc51c678, 0x00000000fc51c800, 0x00000000fc520000)
No shared spaces configured.
Event: 45714.095 GC heap after
Heap after GC invocations=1065 (full 13):
 def new generation   total 119360K, used 13247K [0x00000000dae00000, 0x00000000e2f80000, 0x00000000e58a0000)
  eden space 106112K,   0% used [0x00000000dae00000, 0x00000000dae00000, 0x00000000e15a0000)
  from space 13248K,  99% used [0x00000000e2290000, 0x00000000e2f7fff8, 0x00000000e2f80000)
  to   space 13248K,   0% used [0x00000000e15a0000, 0x00000000e15a0000, 0x00000000e2290000)
 tenured generation   total 307612K, used 307519K [0x00000000e58a0000, 0x00000000f8507000, 0x00000000fae00000)
   the space 307612K,  99% used [0x00000000e58a0000, 0x00000000f84efe68, 0x00000000f84f0000, 0x00000000f8507000)
 compacting perm gen  total 23680K, used 23665K [0x00000000fae00000, 0x00000000fc520000, 0x0000000100000000)
   the space 23680K,  99% used [0x00000000fae00000, 0x00000000fc51c678, 0x00000000fc51c800, 0x00000000fc520000)
No shared spaces configured.
}
Event: 45717.847 GC heap before
{Heap before GC invocations=1065 (full 13):
 def new generation   total 119360K, used 119359K [0x00000000dae00000, 0x00000000e2f80000, 0x00000000e58a0000)
  eden space 106112K, 100% used [0x00000000dae00000, 0x00000000e15a0000, 0x00000000e15a0000)
  from space 13248K,  99% used [0x00000000e2290000, 0x00000000e2f7fff8, 0x00000000e2f80000)
  to   space 13248K,   0% used [0x00000000e15a0000, 0x00000000e15a0000, 0x00000000e2290000)
 tenured generation   total 307612K, used 307519K [0x00000000e58a0000, 0x00000000f8507000, 0x00000000fae00000)
   the space 307612K,  99% used [0x00000000e58a0000, 0x00000000f84efe68, 0x00000000f84f0000, 0x00000000f8507000)
 compacting perm gen  total 23680K, used 23665K [0x00000000fae00000, 0x00000000fc520000, 0x0000000100000000)
   the space 23680K,  99% used [0x00000000fae00000, 0x00000000fc51c678, 0x00000000fc51c800, 0x00000000fc520000)
No shared spaces configured.

Deoptimization events (10 events):
Event: 45709.521 Thread 0x00007fdbd8394000 Uncommon trap: reason=unstable_if action=reinterpret pc=0x00007fdbd54f0c08 method=aha.m()V @ 287
Event: 45709.528 Thread 0x00007fdbd8394000 Uncommon trap: reason=class_check action=maybe_recompile pc=0x00007fdbd558fc84 method=xo.K()V @ 556
Event: 45709.528 Thread 0x00007fdbd8394000 Uncommon trap: reason=unstable_if action=reinterpret pc=0x00007fdbd55b3140 method=afn.b(Lxo;)V @ 6
Event: 45709.529 Thread 0x00007fdbd8394000 Uncommon trap: reason=class_check action=maybe_recompile pc=0x00007fdbd558fc84 method=xo.K()V @ 556
Event: 45709.529 Thread 0x00007fdbd8394000 Uncommon trap: reason=unstable_if action=reinterpret pc=0x00007fdbd56544c8 method=zn.a()Z @ 18
Event: 45711.400 Thread 0x00007fdbd8394000 Uncommon trap: reason=unstable_if action=reinterpret pc=0x00007fdbd5559568 method=qt.b()V @ 16
Event: 45711.400 Thread 0x00007fdbd8394000 Uncommon trap: reason=unstable_if action=reinterpret pc=0x00007fdbd55ca564 method=java.util.concurrent.ConcurrentHashMap$Segment.put(Ljava/lang/Object;ILjava/lang/Object;Z)Ljava/lang/Object; @ 92
Event: 45711.400 Thread 0x00007fdbd8394000 Uncommon trap: reason=unstable_if action=reinterpret pc=0x00007fdbd530c28c method=java.util.Collections$SetFromMap.add(Ljava/lang/Object;)Z @ 13
Event: 45713.379 Thread 0x00007fdbd8394000 Uncommon trap: reason=unstable_if action=reinterpret pc=0x00007fdbd5465af4 method=java.util.TreeMap.deleteEntry(Ljava/util/TreeMap$Entry;)V @ 92
Event: 45713.408 Thread 0x00007fdbd8394000 Uncommon trap: reason=unstable_if action=reinterpret pc=0x00007fdbd5266e24 method=java.util.TreeMap.deleteEntry(Ljava/util/TreeMap$Entry;)V @ 168

Internal exceptions (10 events):
Event: 45211.241 Thread 0x00007fdbd8394000 Threw 0x00000000df050fb8 at /HUDSON/workspace/7u-2-build-linux-amd64/jdk7u80/2329/hotspot/src/share/vm/prims/jvm.cpp:1319
Event: 45211.907 Thread 0x00007fdbd8394000 Implicit null exception at 0x00007fdbd55f71a8 to 0x00007fdbd55f8d71
Event: 45221.345 Thread 0x00007fdbd8394000 Implicit null exception at 0x00007fdbd52a41b6 to 0x00007fdbd52a4239
Event: 45223.819 Thread 0x00007fdbd8394000 Threw 0x00000000de306938 at /HUDSON/workspace/7u-2-build-linux-amd64/jdk7u80/2329/hotspot/src/share/vm/prims/jvm.cpp:1319
Event: 45223.820 Thread 0x00007fdbd8394000 Threw 0x00000000de308518 at /HUDSON/workspace/7u-2-build-linux-amd64/jdk7u80/2329/hotspot/src/share/vm/prims/jvm.cpp:1319
Event: 45223.821 Thread 0x00007fdbd8394000 Threw 0x00000000de309a18 at /HUDSON/workspace/7u-2-build-linux-amd64/jdk7u80/2329/hotspot/src/share/vm/prims/jvm.cpp:1319
Event: 45223.824 Thread 0x00007fdbd8394000 Threw 0x00000000de30adb8 at /HUDSON/workspace/7u-2-build-linux-amd64/jdk7u80/2329/hotspot/src/share/vm/prims/jvm.cpp:1319
Event: 45271.681 Thread 0x00007fdbd8394000 Threw 0x00000000df10f680 at /HUDSON/workspace/7u-2-build-linux-amd64/jdk7u80/2329/hotspot/src/share/vm/prims/jvm.cpp:1319
Event: 45709.528 Thread 0x00007fdbd8394000 Implicit null exception at 0x00007fdbd55b3109 to 0x00007fdbd55b312e
Event: 45713.360 Thread 0x00007fdbd8394000 Implicit null exception at 0x00007fdbd54657e7 to 0x00007fdbd5465acd

Events (10 events):
Event: 45713.379 Thread 0x00007fdbd8394000 DEOPT PACKING pc=0x00007fdbd5465af4 sp=0x00007fdbdc21e630
Event: 45713.380 Thread 0x00007fdbd8394000 DEOPT UNPACKING pc=0x00007fdbd5039045 sp=0x00007fdbdc21e590 mode 2
Event: 45713.408 Thread 0x00007fdbd8394000 Uncommon trap: trap_request=0xffffff75 fr.pc=0x00007fdbd5266e24
Event: 45713.408 Thread 0x00007fdbd8394000 DEOPT PACKING pc=0x00007fdbd5266e24 sp=0x00007fdbdc21e5b0
Event: 45713.408 Thread 0x00007fdbd8394000 DEOPT UNPACKING pc=0x00007fdbd5039045 sp=0x00007fdbdc21e580 mode 2
Event: 45713.988 Executing VM operation: GenCollectForAllocation
Event: 45714.008 Executing VM operation: GenCollectForAllocation done
Event: 45714.048 Executing VM operation: GenCollectFull
Event: 45714.095 Executing VM operation: GenCollectFull done
Event: 45717.809 Executing VM operation: GenCollectForAllocation


Dynamic libraries:
00400000-00401000 r-xp 00000000 ca:01 1228821                            /usr/lib/jvm/java-7-oracle/jre/bin/java
00600000-00601000 rw-p 00000000 ca:01 1228821                            /usr/lib/jvm/java-7-oracle/jre/bin/java
02109000-0216f000 rw-p 00000000 00:00 0                                  [heap]
dae00000-e2f80000 rw-p 00000000 00:00 0 
e4440000-e58a0000 rw-p 00000000 00:00 0 
e58a0000-f8507000 rw-p 00000000 00:00 0 
f8507000-f86b7000 ---p 00000000 00:00 0 
f86b7000-fae00000 rw-p 00000000 00:00 0 
fae00000-fc520000 rw-p 00000000 00:00 0 
fc520000-fc560000 ---p 00000000 00:00 0 
fc560000-100000000 rw-p 00000000 00:00 0 
7fdbb8000000-7fdbb98a3000 rw-p 00000000 00:00 0 
7fdbb98a3000-7fdbbc000000 ---p 00000000 00:00 0 
7fdbbc000000-7fdbbc021000 rw-p 00000000 00:00 0 
7fdbbc021000-7fdbc0000000 ---p 00000000 00:00 0 
7fdbc0000000-7fdbc0021000 rw-p 00000000 00:00 0 
7fdbc0021000-7fdbc4000000 ---p 00000000 00:00 0 
7fdbc4000000-7fdbc5d3d000 rw-p 00000000 00:00 0 
7fdbc5d3d000-7fdbc8000000 ---p 00000000 00:00 0 
7fdbc8000000-7fdbc83c7000 rw-p 00000000 00:00 0 
7fdbc83c7000-7fdbcc000000 ---p 00000000 00:00 0 
7fdbcc000000-7fdbcc045000 rw-p 00000000 00:00 0 
7fdbcc045000-7fdbd0000000 ---p 00000000 00:00 0 
7fdbd0000000-7fdbd02ee000 rw-p 00000000 00:00 0 
7fdbd02ee000-7fdbd4000000 ---p 00000000 00:00 0 
7fdbd48bb000-7fdbd48be000 ---p 00000000 00:00 0 
7fdbd48be000-7fdbd49bc000 rw-p 00000000 00:00 0 
7fdbd49bc000-7fdbd49bf000 ---p 00000000 00:00 0 
7fdbd49bf000-7fdbd4abd000 rw-p 00000000 00:00 0                          [stack:16561]
7fdbd4abd000-7fdbd4ac0000 ---p 00000000 00:00 0 
7fdbd4ac0000-7fdbd4bbe000 rw-p 00000000 00:00 0                          [stack:16530]
7fdbd4bbe000-7fdbd4bc1000 ---p 00000000 00:00 0 
7fdbd4bc1000-7fdbd4cbf000 rw-p 00000000 00:00 0                          [stack:16529]
7fdbd4cbf000-7fdbd4cc6000 r-xp 00000000 ca:01 1051563                    /tmp/libnetty-transport-native-epoll6830328935737636246.so
7fdbd4cc6000-7fdbd4ec5000 ---p 00007000 ca:01 1051563                    /tmp/libnetty-transport-native-epoll6830328935737636246.so
7fdbd4ec5000-7fdbd4ec6000 rw-p 00006000 ca:01 1051563                    /tmp/libnetty-transport-native-epoll6830328935737636246.so
7fdbd4ec6000-7fdbd4ec9000 ---p 00000000 00:00 0 
7fdbd4ec9000-7fdbd4eff000 rw-p 00000000 00:00 0 
7fdbd4eff000-7fdbd4f02000 ---p 00000000 00:00 0 
7fdbd4f02000-7fdbd5000000 rw-p 00000000 00:00 0                          [stack:16528]
7fdbd5000000-7fdbd56b0000 rwxp 00000000 00:00 0 
7fdbd56b0000-7fdbd87c8000 rw-p 00000000 00:00 0 
7fdbd87c8000-7fdbdc000000 ---p 00000000 00:00 0 
7fdbdc01e000-7fdbdc021000 ---p 00000000 00:00 0 
7fdbdc021000-7fdbdc11f000 rw-p 00000000 00:00 0                          [stack:16523]
7fdbdc11f000-7fdbdc122000 ---p 00000000 00:00 0 
7fdbdc122000-7fdbdc220000 rw-p 00000000 00:00 0                          [stack:16522]
7fdbdc220000-7fdbdc223000 ---p 00000000 00:00 0 
7fdbdc223000-7fdbdc321000 rw-p 00000000 00:00 0                          [stack:16521]
7fdbdc321000-7fdbdc324000 ---p 00000000 00:00 0 
7fdbdc324000-7fdbdc422000 rw-p 00000000 00:00 0                          [stack:16520]
7fdbdc422000-7fdbdc457000 r--s 00000000 ca:01 262310                     /var/cache/nscd/hosts
7fdbdc457000-7fdbdc467000 r-xp 00000000 ca:01 565890                     /usr/lib/jvm/java-7-oracle/jre/lib/amd64/libnio.so
7fdbdc467000-7fdbdc667000 ---p 00010000 ca:01 565890                     /usr/lib/jvm/java-7-oracle/jre/lib/amd64/libnio.so
7fdbdc667000-7fdbdc668000 rw-p 00010000 ca:01 565890                     /usr/lib/jvm/java-7-oracle/jre/lib/amd64/libnio.so
7fdbdc668000-7fdbdc968000 rw-p 00000000 00:00 0 
7fdbdc968000-7fdbdc97f000 r-xp 00000000 ca:01 565907                     /usr/lib/jvm/java-7-oracle/jre/lib/amd64/libnet.so
7fdbdc97f000-7fdbdcb7e000 ---p 00017000 ca:01 565907                     /usr/lib/jvm/java-7-oracle/jre/lib/amd64/libnet.so
7fdbdcb7e000-7fdbdcb7f000 rw-p 00016000 ca:01 565907                     /usr/lib/jvm/java-7-oracle/jre/lib/amd64/libnet.so
7fdbdcb7f000-7fdbdcb87000 r-xp 00000000 ca:01 565905                     /usr/lib/jvm/java-7-oracle/jre/lib/amd64/libmanagement.so
7fdbdcb87000-7fdbdcd86000 ---p 00008000 ca:01 565905                     /usr/lib/jvm/java-7-oracle/jre/lib/amd64/libmanagement.so
7fdbdcd86000-7fdbdcd87000 rw-p 00007000 ca:01 565905                     /usr/lib/jvm/java-7-oracle/jre/lib/amd64/libmanagement.so
7fdbdcd87000-7fdbdce07000 r--s 0070a000 ca:01 1049740                    /FTP/minecraft_server.jar
7fdbdce07000-7fdbdce08000 ---p 00000000 00:00 0 
7fdbdce08000-7fdbdcf08000 rw-p 00000000 00:00 0                          [stack:16519]
7fdbdcf08000-7fdbdcf0b000 ---p 00000000 00:00 0 
7fdbdcf0b000-7fdbdd009000 rw-p 00000000 00:00 0                          [stack:16518]
7fdbdd009000-7fdbdd00c000 ---p 00000000 00:00 0 
7fdbdd00c000-7fdbdd10a000 rw-p 00000000 00:00 0                          [stack:16517]
7fdbdd10a000-7fdbdd10d000 ---p 00000000 00:00 0 
7fdbdd10d000-7fdbdd20b000 rw-p 00000000 00:00 0                          [stack:16516]
7fdbdd20b000-7fdbdd20e000 ---p 00000000 00:00 0 
7fdbdd20e000-7fdbdd30c000 rw-p 00000000 00:00 0                          [stack:16515]
7fdbdd30c000-7fdbdd5d5000 r--p 00000000 ca:01 1179800                    /usr/lib/locale/locale-archive
7fdbdd5d5000-7fdbdd5d8000 ---p 00000000 00:00 0 
7fdbdd5d8000-7fdbdd6d6000 rw-p 00000000 00:00 0                          [stack:16514]
7fdbdd6d6000-7fdbdd6d9000 ---p 00000000 00:00 0 
7fdbdd6d9000-7fdbdd7d7000 rw-p 00000000 00:00 0                          [stack:16513]
7fdbdd7d7000-7fdbdd7d8000 ---p 00000000 00:00 0 
7fdbdd7d8000-7fdbdd923000 rw-p 00000000 00:00 0                          [stack:16512]
7fdbdd923000-7fdbddae3000 r--s 039fb000 ca:01 1228889                    /usr/lib/jvm/java-7-oracle/jre/lib/rt.jar
7fdbddae3000-7fdbddbc0000 rw-p 00000000 00:00 0 
7fdbddbc0000-7fdbddbde000 rw-p 00000000 00:00 0 
7fdbddbde000-7fdbddc75000 rw-p 00000000 00:00 0 
7fdbddc75000-7fdbddc76000 ---p 00000000 00:00 0 
7fdbddc76000-7fdbddc89000 rw-p 00000000 00:00 0 
7fdbddc89000-7fdbddcca000 rw-p 00000000 00:00 0 
7fdbddcca000-7fdbddcde000 rw-p 00000000 00:00 0 
7fdbddcde000-7fdbddd75000 rw-p 00000000 00:00 0 
7fdbddd75000-7fdbddd76000 ---p 00000000 00:00 0 
7fdbddd76000-7fdbddd89000 rw-p 00000000 00:00 0 
7fdbddd89000-7fdbddd95000 rw-p 00000000 00:00 0 
7fdbddd95000-7fdbdddb2000 rw-p 00000000 00:00 0 
7fdbdddb2000-7fdbdddb3000 rw-p 00000000 00:00 0 
7fdbdddb3000-7fdbdddca000 r-xp 00000000 ca:01 565918                     /usr/lib/jvm/java-7-oracle/jre/lib/amd64/libzip.so
7fdbdddca000-7fdbddfca000 ---p 00017000 ca:01 565918                     /usr/lib/jvm/java-7-oracle/jre/lib/amd64/libzip.so
7fdbddfca000-7fdbddfcb000 rw-p 00017000 ca:01 565918                     /usr/lib/jvm/java-7-oracle/jre/lib/amd64/libzip.so
7fdbddfcb000-7fdbddfd6000 r-xp 00000000 ca:01 786730                     /lib/x86_64-linux-gnu/libnss_files-2.19.so
7fdbddfd6000-7fdbde1d5000 ---p 0000b000 ca:01 786730                     /lib/x86_64-linux-gnu/libnss_files-2.19.so
7fdbde1d5000-7fdbde1d6000 r--p 0000a000 ca:01 786730                     /lib/x86_64-linux-gnu/libnss_files-2.19.so
7fdbde1d6000-7fdbde1d7000 rw-p 0000b000 ca:01 786730                     /lib/x86_64-linux-gnu/libnss_files-2.19.so
7fdbde1d7000-7fdbde1e2000 r-xp 00000000 ca:01 786774                     /lib/x86_64-linux-gnu/libnss_nis-2.19.so
7fdbde1e2000-7fdbde3e1000 ---p 0000b000 ca:01 786774                     /lib/x86_64-linux-gnu/libnss_nis-2.19.so
7fdbde3e1000-7fdbde3e2000 r--p 0000a000 ca:01 786774                     /lib/x86_64-linux-gnu/libnss_nis-2.19.so
7fdbde3e2000-7fdbde3e3000 rw-p 0000b000 ca:01 786774                     /lib/x86_64-linux-gnu/libnss_nis-2.19.so
7fdbde3e3000-7fdbde3fa000 r-xp 00000000 ca:01 786762                     /lib/x86_64-linux-gnu/libnsl-2.19.so
7fdbde3fa000-7fdbde5f9000 ---p 00017000 ca:01 786762                     /lib/x86_64-linux-gnu/libnsl-2.19.so
7fdbde5f9000-7fdbde5fa000 r--p 00016000 ca:01 786762                     /lib/x86_64-linux-gnu/libnsl-2.19.so
7fdbde5fa000-7fdbde5fb000 rw-p 00017000 ca:01 786762                     /lib/x86_64-linux-gnu/libnsl-2.19.so
7fdbde5fb000-7fdbde5fd000 rw-p 00000000 00:00 0 
7fdbde5fd000-7fdbde606000 r-xp 00000000 ca:01 786760                     /lib/x86_64-linux-gnu/libnss_compat-2.19.so
7fdbde606000-7fdbde805000 ---p 00009000 ca:01 786760                     /lib/x86_64-linux-gnu/libnss_compat-2.19.so
7fdbde805000-7fdbde806000 r--p 00008000 ca:01 786760                     /lib/x86_64-linux-gnu/libnss_compat-2.19.so
7fdbde806000-7fdbde807000 rw-p 00009000 ca:01 786760                     /lib/x86_64-linux-gnu/libnss_compat-2.19.so
7fdbde807000-7fdbde830000 r-xp 00000000 ca:01 565885                     /usr/lib/jvm/java-7-oracle/jre/lib/amd64/libjava.so
7fdbde830000-7fdbdea30000 ---p 00029000 ca:01 565885                     /usr/lib/jvm/java-7-oracle/jre/lib/amd64/libjava.so
7fdbdea30000-7fdbdea32000 rw-p 00029000 ca:01 565885                     /usr/lib/jvm/java-7-oracle/jre/lib/amd64/libjava.so
7fdbdea32000-7fdbdea3f000 r-xp 00000000 ca:01 565902                     /usr/lib/jvm/java-7-oracle/jre/lib/amd64/libverify.so
7fdbdea3f000-7fdbdec3e000 ---p 0000d000 ca:01 565902                     /usr/lib/jvm/java-7-oracle/jre/lib/amd64/libverify.so
7fdbdec3e000-7fdbdec40000 rw-p 0000c000 ca:01 565902                     /usr/lib/jvm/java-7-oracle/jre/lib/amd64/libverify.so
7fdbdec40000-7fdbdec47000 r-xp 00000000 ca:01 786771                     /lib/x86_64-linux-gnu/librt-2.19.so
7fdbdec47000-7fdbdee46000 ---p 00007000 ca:01 786771                     /lib/x86_64-linux-gnu/librt-2.19.so
7fdbdee46000-7fdbdee47000 r--p 00006000 ca:01 786771                     /lib/x86_64-linux-gnu/librt-2.19.so
7fdbdee47000-7fdbdee48000 rw-p 00007000 ca:01 786771                     /lib/x86_64-linux-gnu/librt-2.19.so
7fdbdee48000-7fdbdef4d000 r-xp 00000000 ca:01 786531                     /lib/x86_64-linux-gnu/libm-2.19.so
7fdbdef4d000-7fdbdf14c000 ---p 00105000 ca:01 786531                     /lib/x86_64-linux-gnu/libm-2.19.so
7fdbdf14c000-7fdbdf14d000 r--p 00104000 ca:01 786531                     /lib/x86_64-linux-gnu/libm-2.19.so
7fdbdf14d000-7fdbdf14e000 rw-p 00105000 ca:01 786531                     /lib/x86_64-linux-gnu/libm-2.19.so
7fdbdf14e000-7fdbdfcc4000 r-xp 00000000 ca:01 716673                     /usr/lib/jvm/java-7-oracle/jre/lib/amd64/server/libjvm.so
7fdbdfcc4000-7fdbdfec3000 ---p 00b76000 ca:01 716673                     /usr/lib/jvm/java-7-oracle/jre/lib/amd64/server/libjvm.so
7fdbdfec3000-7fdbdff87000 rw-p 00b75000 ca:01 716673                     /usr/lib/jvm/java-7-oracle/jre/lib/amd64/server/libjvm.so
7fdbdff87000-7fdbdffc8000 rw-p 00000000 00:00 0 
7fdbdffc8000-7fdbe0183000 r-xp 00000000 ca:01 786768                     /lib/x86_64-linux-gnu/libc-2.19.so
7fdbe0183000-7fdbe0382000 ---p 001bb000 ca:01 786768                     /lib/x86_64-linux-gnu/libc-2.19.so
7fdbe0382000-7fdbe0386000 r--p 001ba000 ca:01 786768                     /lib/x86_64-linux-gnu/libc-2.19.so
7fdbe0386000-7fdbe0388000 rw-p 001be000 ca:01 786768                     /lib/x86_64-linux-gnu/libc-2.19.so
7fdbe0388000-7fdbe038d000 rw-p 00000000 00:00 0 
7fdbe038d000-7fdbe0390000 r-xp 00000000 ca:01 786750                     /lib/x86_64-linux-gnu/libdl-2.19.so
7fdbe0390000-7fdbe058f000 ---p 00003000 ca:01 786750                     /lib/x86_64-linux-gnu/libdl-2.19.so
7fdbe058f000-7fdbe0590000 r--p 00002000 ca:01 786750                     /lib/x86_64-linux-gnu/libdl-2.19.so
7fdbe0590000-7fdbe0591000 rw-p 00003000 ca:01 786750                     /lib/x86_64-linux-gnu/libdl-2.19.so
7fdbe0591000-7fdbe05a6000 r-xp 00000000 ca:01 565895                     /usr/lib/jvm/java-7-oracle/jre/lib/amd64/jli/libjli.so
7fdbe05a6000-7fdbe07a5000 ---p 00015000 ca:01 565895                     /usr/lib/jvm/java-7-oracle/jre/lib/amd64/jli/libjli.so
7fdbe07a5000-7fdbe07a6000 rw-p 00014000 ca:01 565895                     /usr/lib/jvm/java-7-oracle/jre/lib/amd64/jli/libjli.so
7fdbe07a6000-7fdbe07bf000 r-xp 00000000 ca:01 786769                     /lib/x86_64-linux-gnu/libpthread-2.19.so
7fdbe07bf000-7fdbe09be000 ---p 00019000 ca:01 786769                     /lib/x86_64-linux-gnu/libpthread-2.19.so
7fdbe09be000-7fdbe09bf000 r--p 00018000 ca:01 786769                     /lib/x86_64-linux-gnu/libpthread-2.19.so
7fdbe09bf000-7fdbe09c0000 rw-p 00019000 ca:01 786769                     /lib/x86_64-linux-gnu/libpthread-2.19.so
7fdbe09c0000-7fdbe09c4000 rw-p 00000000 00:00 0 
7fdbe09c4000-7fdbe09e7000 r-xp 00000000 ca:01 786764                     /lib/x86_64-linux-gnu/ld-2.19.so
7fdbe09ff000-7fdbe0a1a000 rw-p 00000000 00:00 0 
7fdbe0a1a000-7fdbe0abf000 rw-p 00000000 00:00 0 
7fdbe0abf000-7fdbe0ac2000 ---p 00000000 00:00 0 
7fdbe0ac2000-7fdbe0bc4000 rw-p 00000000 00:00 0                          [stack:16511]
7fdbe0bc8000-7fdbe0bc9000 rw-p 00000000 00:00 0 
7fdbe0bc9000-7fdbe0bcc000 r--s 00019000 ca:01 1228879                    /usr/lib/jvm/java-7-oracle/jre/lib/jce.jar
7fdbe0bcc000-7fdbe0bd0000 r--s 0008b000 ca:01 1228858                    /usr/lib/jvm/java-7-oracle/jre/lib/jsse.jar
7fdbe0bd0000-7fdbe0bda000 r--s 00253000 ca:01 1228850                    /usr/lib/jvm/java-7-oracle/jre/lib/resources.jar
7fdbe0bda000-7fdbe0be2000 rw-s 00000000 ca:01 1049731                    /tmp/hsperfdata_root/16510
7fdbe0be2000-7fdbe0be3000 rw-p 00000000 00:00 0 
7fdbe0be3000-7fdbe0be4000 ---p 00000000 00:00 0 
7fdbe0be4000-7fdbe0be6000 rw-p 00000000 00:00 0 
7fdbe0be6000-7fdbe0be7000 r--p 00022000 ca:01 786764                     /lib/x86_64-linux-gnu/ld-2.19.so
7fdbe0be7000-7fdbe0be8000 rw-p 00023000 ca:01 786764                     /lib/x86_64-linux-gnu/ld-2.19.so
7fdbe0be8000-7fdbe0be9000 rw-p 00000000 00:00 0 
7fffe1452000-7fffe1473000 rw-p 00000000 00:00 0                          [stack]
7fffe148d000-7fffe148f000 r-xp 00000000 00:00 0                          [vdso]
ffffffffff600000-ffffffffff601000 r-xp 00000000 00:00 0                  [vsyscall]

VM Arguments:
jvm_args: -Xms128M -Xmx512M 
java_command: /FTP/minecraft_server.jar nogui
Launcher Type: SUN_STANDARD

Environment Variables:
PATH=/usr/local/sbin:/usr/local/bin:/usr/sbin:/usr/bin:/sbin:/bin:/usr/games:/usr/local/games
SHELL=/bin/bash

Signal Handlers:
SIGSEGV: [libjvm.so+0x9a3b20], sa_mask[0]=0x7ffbfeff, sa_flags=0x10000004
SIGBUS: [libjvm.so+0x9a3b20], sa_mask[0]=0x7ffbfeff, sa_flags=0x10000004
SIGFPE: [libjvm.so+0x81e740], sa_mask[0]=0x7ffbfeff, sa_flags=0x10000004
SIGPIPE: [libjvm.so+0x81e740], sa_mask[0]=0x7ffbfeff, sa_flags=0x10000004
SIGXFSZ: [libjvm.so+0x81e740], sa_mask[0]=0x7ffbfeff, sa_flags=0x10000004
SIGILL: [libjvm.so+0x81e740], sa_mask[0]=0x7ffbfeff, sa_flags=0x10000004
SIGUSR1: SIG_DFL, sa_mask[0]=0x00000000, sa_flags=0x00000000
SIGUSR2: [libjvm.so+0x81ffb0], sa_mask[0]=0x00000000, sa_flags=0x10000004
SIGHUP: [libjvm.so+0x8210d0], sa_mask[0]=0x7ffbfeff, sa_flags=0x10000004
SIGINT: [libjvm.so+0x8210d0], sa_mask[0]=0x7ffbfeff, sa_flags=0x10000004
SIGTERM: [libjvm.so+0x8210d0], sa_mask[0]=0x7ffbfeff, sa_flags=0x10000004
SIGQUIT: [libjvm.so+0x8210d0], sa_mask[0]=0x7ffbfeff, sa_flags=0x10000004


---------------  S Y S T E M  ---------------

OS:jessie/sid

uname:Linux 3.13.0-32-generic #57-Ubuntu SMP Tue Jul 15 03:51:08 UTC 2014 x86_64
libc:glibc 2.19 NPTL 2.19 
rlimit: STACK 8192k, CORE 0k, NPROC 7706, NOFILE 65535, AS infinity
load average:0.44 0.21 0.16

/proc/meminfo:
MemTotal:        1016272 kB
MemFree:           56300 kB
Buffers:             236 kB
Cached:            20664 kB
SwapCached:            0 kB
Active:           873412 kB
Inactive:          17280 kB
Active(anon):     872752 kB
Inactive(anon):     5244 kB
Active(file):        660 kB
Inactive(file):    12036 kB
Unevictable:           0 kB
Mlocked:               0 kB
SwapTotal:             0 kB
SwapFree:              0 kB
Dirty:                44 kB
Writeback:             0 kB
AnonPages:        869852 kB
Mapped:             9180 kB
Shmem:              8144 kB
Slab:              32940 kB
SReclaimable:      14796 kB
SUnreclaim:        18144 kB
KernelStack:        3040 kB
PageTables:        15864 kB
NFS_Unstable:          0 kB
Bounce:                0 kB
WritebackTmp:          0 kB
CommitLimit:      508136 kB
Committed_AS:    2470916 kB
VmallocTotal:   34359738367 kB
VmallocUsed:        4768 kB
VmallocChunk:   34359722448 kB
HardwareCorrupted:     0 kB
AnonHugePages:    497664 kB
HugePages_Total:       0
HugePages_Free:        0
HugePages_Rsvd:        0
HugePages_Surp:        0
Hugepagesize:       2048 kB
DirectMap4k:       43008 kB
DirectMap2M:     1136640 kB


CPU:total 1 (32 cores per cpu, 2 threads per core) family 6 model 45 stepping 7, cmov, cx8, fxsr, mmx, sse, sse2, sse3, ssse3, sse4.1, sse4.2, popcnt, aes, ht, tsc

/proc/cpuinfo:
processor	: 0
vendor_id	: GenuineIntel
cpu family	: 6
model		: 45
model name	: Intel(R) Xeon(R) CPU E5-2430 0 @ 2.20GHz
stepping	: 7
microcode	: 0x70d
cpu MHz		: 2200.080
cache size	: 15360 KB
physical id	: 0
siblings	: 1
core id		: 0
cpu cores	: 1
apicid		: 0
initial apicid	: 0
fpu		: yes
fpu_exception	: yes
cpuid level	: 13
wp		: yes
flags		: fpu vme de pse tsc msr pae mce cx8 apic sep mtrr pge mca cmov pat clflush mmx fxsr sse sse2 ht syscall nx rdtscp lm constant_tsc rep_good nopl pni ssse3 cx16 sse4_1 sse4_2 popcnt aes hypervisor lahf_lm
bogomips	: 4400.16
clflush size	: 64
cache_alignment	: 64
address sizes	: 46 bits physical, 48 bits virtual
power management:



Memory: 4k page, physical 1016272k(56300k free), swap 0k(0k free)

vm_info: Java HotSpot(TM) 64-Bit Server VM (24.80-b11) for linux-amd64 JRE (1.7.0_80-b15), built on Apr 10 2015 19:53:14 by "java_re" with gcc 4.3.0 20080428 (Red Hat 4.3.0-8)

time: Fri Jan  8 12:20:26 2016
elapsed time: 45718 seconds

