#
# There is insufficient memory for the Java Runtime Environment to continue.
# Native memory allocation (malloc) failed to allocate 11010048 bytes for committing reserved memory.
# Possible reasons:
#   The system is out of physical RAM or swap space
#   In 32 bit mode, the process size limit was hit
# Possible solutions:
#   Reduce memory load on the system
#   Increase physical memory or swap space
#   Check if swap backing store is full
#   Use 64 bit Java on a 64 bit OS
#   Decrease Java heap size (-Xmx/-Xms)
#   Decrease number of Java threads
#   Decrease Java thread stack sizes (-Xss)
#   Set larger code cache with -XX:ReservedCodeCacheSize=
# This output file may be truncated or incomplete.
#
#  Out of Memory Error (os_linux.cpp:2756), pid=30579, tid=140653470328576
#
# JRE version: Java(TM) SE Runtime Environment (7.0_80-b15) (build 1.7.0_80-b15)
# Java VM: Java HotSpot(TM) 64-Bit Server VM (24.80-b11 mixed mode linux-amd64 compressed oops)
# Failed to write core dump. Core dumps have been disabled. To enable core dumping, try "ulimit -c unlimited" before starting Java again
#

---------------  T H R E A D  ---------------

Current thread (0x00007fec6c087000):  VMThread [stack: 0x00007fec7012a000,0x00007fec7022b000] [id=30581]

Stack: [0x00007fec7012a000,0x00007fec7022b000],  sp=0x00007fec70229350,  free space=1020k
Native frames: (J=compiled Java code, j=interpreted, Vv=VM code, C=native code)
V  [libjvm.so+0x9a320a]  VMError::report_and_die()+0x2ea
V  [libjvm.so+0x498d3b]  report_vm_out_of_memory(char const*, int, unsigned long, char const*)+0x9b
V  [libjvm.so+0x82191e]  os::Linux::commit_memory_impl(char*, unsigned long, bool)+0xfe
V  [libjvm.so+0x821e69]  os::pd_commit_memory(char*, unsigned long, unsigned long, bool)+0x29
V  [libjvm.so+0x81bb6a]  os::commit_memory(char*, unsigned long, unsigned long, bool)+0x2a
V  [libjvm.so+0x99ea19]  VirtualSpace::expand_by(unsigned long, bool)+0x1c9
V  [libjvm.so+0x4a0a72]  DefNewGeneration::compute_new_size()+0x1a2
V  [libjvm.so+0x56ca54]  GenCollectedHeap::do_collection(bool, bool, unsigned long, bool, int)+0x754
V  [libjvm.so+0x42b0e4]  GenCollectorPolicy::satisfy_failed_allocation(unsigned long, bool)+0x104
V  [libjvm.so+0x9a4284]  VM_GenCollectForAllocation::doit()+0x94
V  [libjvm.so+0x9abf35]  VM_Operation::evaluate()+0x55
V  [libjvm.so+0x9aa2fa]  VMThread::evaluate_operation(VM_Operation*)+0xba
V  [libjvm.so+0x9aa67e]  VMThread::loop()+0x1ce
V  [libjvm.so+0x9aaaf0]  VMThread::run()+0x70
V  [libjvm.so+0x8238c8]  java_start(Thread*)+0x108

VM_Operation (0x00007fec4bafc1a0): GenCollectForAllocation, mode: safepoint, requested by thread 0x00007fec6c284800


---------------  P R O C E S S  ---------------

Java Threads: ( => current thread )
  0x00007fec586ae800 JavaThread "File IO Thread" [_thread_blocked, id=30618, stack(0x00007fec4b2f1000,0x00007fec4b3f2000)]
  0x00007fec5c008800 JavaThread "Netty Epoll Server IO #1" daemon [_thread_blocked, id=30616, stack(0x00007fec4b3f2000,0x00007fec4b4f3000)]
  0x00007fec59688800 JavaThread "Server Watchdog" daemon [_thread_blocked, id=30615, stack(0x00007fec4b4f3000,0x00007fec4b5f4000)]
  0x00007fec580c0800 JavaThread "Netty Epoll Server IO #0" daemon [_thread_blocked, id=30614, stack(0x00007fec4b7fb000,0x00007fec4b8fc000)]
  0x00007fec58071800 JavaThread "Server console handler" daemon [_thread_in_native, id=30609, stack(0x00007fec4b8fc000,0x00007fec4b9fd000)]
  0x00007fec6c009800 JavaThread "DestroyJavaVM" [_thread_blocked, id=30580, stack(0x00007fec73412000,0x00007fec73513000)]
  0x00007fec6c284800 JavaThread "Server thread" [_thread_blocked, id=30608, stack(0x00007fec4b9fd000,0x00007fec4bafe000)]
  0x00007fec6c283800 JavaThread "Server Infinisleeper" daemon [_thread_blocked, id=30607, stack(0x00007fec4bafe000,0x00007fec4bbff000)]
  0x00007fec6c347000 JavaThread "Snooper Timer" daemon [_thread_blocked, id=30606, stack(0x00007fec4bbff000,0x00007fec4bd00000)]
  0x00007fec6c0b5000 JavaThread "Service Thread" daemon [_thread_blocked, id=30587, stack(0x00007fec68832000,0x00007fec68933000)]
  0x00007fec6c0b2000 JavaThread "C2 CompilerThread1" daemon [_thread_blocked, id=30586, stack(0x00007fec68933000,0x00007fec68a34000)]
  0x00007fec6c0b0000 JavaThread "C2 CompilerThread0" daemon [_thread_blocked, id=30585, stack(0x00007fec68a34000,0x00007fec68b35000)]
  0x00007fec6c0ae000 JavaThread "Signal Dispatcher" daemon [_thread_blocked, id=30584, stack(0x00007fec68b35000,0x00007fec68c36000)]
  0x00007fec6c08d000 JavaThread "Finalizer" daemon [_thread_blocked, id=30583, stack(0x00007fec68eff000,0x00007fec69000000)]
  0x00007fec6c08b000 JavaThread "Reference Handler" daemon [_thread_blocked, id=30582, stack(0x00007fec70029000,0x00007fec7012a000)]

Other Threads:
=>0x00007fec6c087000 VMThread [stack: 0x00007fec7012a000,0x00007fec7022b000] [id=30581]
  0x00007fec6c0c0000 WatcherThread [stack: 0x00007fec68731000,0x00007fec68832000] [id=30588]

VM state:at safepoint (normal execution)

VM Mutex/Monitor currently owned by a thread:  ([mutex/lock_event])
[0x00007fec6c0058f0] ExpandHeap_lock - owner thread: 0x00007fec6c087000
[0x00007fec6c005f70] Threads_lock - owner thread: 0x00007fec6c087000
[0x00007fec6c006470] Heap_lock - owner thread: 0x00007fec6c284800

Heap
 def new generation   total 124864K, used 0K [0x00000000dae00000, 0x00000000e3570000, 0x00000000e58a0000)
  eden space 111040K,   0% used [0x00000000dae00000, 0x00000000dae00000, 0x00000000e1a70000)
  from space 13824K,   0% used [0x00000000e27f0000, 0x00000000e27f0000, 0x00000000e3570000)
  to   space 13824K,   0% used [0x00000000e1a70000, 0x00000000e1a70000, 0x00000000e27f0000)
 tenured generation   total 298736K, used 162812K [0x00000000e58a0000, 0x00000000f7c5c000, 0x00000000fae00000)
   the space 298736K,  54% used [0x00000000e58a0000, 0x00000000ef79f0e0, 0x00000000ef79f200, 0x00000000f7c5c000)
 compacting perm gen  total 24128K, used 24077K [0x00000000fae00000, 0x00000000fc590000, 0x0000000100000000)
   the space 24128K,  99% used [0x00000000fae00000, 0x00000000fc5837f0, 0x00000000fc583800, 0x00000000fc590000)
No shared spaces configured.

Card table byte_map: [0x00007fec705dc000,0x00007fec70706000] byte_map_base: 0x00007fec6ff05000

Polling page: 0x00007fec73536000

Code Cache  [0x00007fec69000000, 0x00007fec696f0000, 0x00007fec6c000000)
 total_blobs=2870 nmethods=2395 adapters=426 free_code_cache=42267Kb largest_free_block=43104128

Compilation events (10 events):
Event: 167638.477 Thread 0x00007fec6c0b2000 3158             sp::a (127 bytes)
Event: 167638.488 Thread 0x00007fec6c0b2000 nmethod 3158 0x00007fec692d39d0 code [0x00007fec692d3b80, 0x00007fec692d3f68]
Event: 167651.801 Thread 0x00007fec6c0b0000 3159             fu::a (18 bytes)
Event: 167651.827 Thread 0x00007fec6c0b0000 nmethod 3159 0x00007fec69394310 code [0x00007fec693944c0, 0x00007fec69394750]
Event: 167652.732 Thread 0x00007fec6c0b2000 3160             qt::a (12 bytes)
Event: 167652.737 Thread 0x00007fec6c0b0000 3161             bgp::a (86 bytes)
Event: 167652.772 Thread 0x00007fec6c0b0000 nmethod 3161 0x00007fec69601610 code [0x00007fec696018e0, 0x00007fec69602288]
Event: 167652.774 Thread 0x00007fec6c0b2000 nmethod 3160 0x00007fec69643c50 code [0x00007fec69643fc0, 0x00007fec69644d40]
Event: 167671.028 Thread 0x00007fec6c0b0000 3162             io.netty.buffer.UnpooledUnsafeDirectByteBuf::setBytes (27 bytes)
Event: 167671.031 Thread 0x00007fec6c0b0000 nmethod 3162 0x00007fec695e8a90 code [0x00007fec695e8be0, 0x00007fec695e8d98]

GC Heap History (10 events):
Event: 167673.544 GC heap after
Heap after GC invocations=4239 (full 25):
 def new generation   total 124864K, used 9487K [0x00000000dae00000, 0x00000000e3570000, 0x00000000e58a0000)
  eden space 111040K,   0% used [0x00000000dae00000, 0x00000000dae00000, 0x00000000e1a70000)
  from space 13824K,  68% used [0x00000000e1a70000, 0x00000000e23b3de0, 0x00000000e27f0000)
  to   space 13824K,   0% used [0x00000000e27f0000, 0x00000000e27f0000, 0x00000000e3570000)
 tenured generation   total 277232K, used 265946K [0x00000000e58a0000, 0x00000000f675c000, 0x00000000fae00000)
   the space 277232K,  95% used [0x00000000e58a0000, 0x00000000f5c568d8, 0x00000000f5c56a00, 0x00000000f675c000)
 compacting perm gen  total 24128K, used 24077K [0x00000000fae00000, 0x00000000fc590000, 0x0000000100000000)
   the space 24128K,  99% used [0x00000000fae00000, 0x00000000fc583748, 0x00000000fc583800, 0x00000000fc590000)
No shared spaces configured.
}
Event: 167676.533 GC heap before
{Heap before GC invocations=4239 (full 25):
 def new generation   total 124864K, used 120526K [0x00000000dae00000, 0x00000000e3570000, 0x00000000e58a0000)
  eden space 111040K,  99% used [0x00000000dae00000, 0x00000000e1a6fac8, 0x00000000e1a70000)
  from space 13824K,  68% used [0x00000000e1a70000, 0x00000000e23b3de0, 0x00000000e27f0000)
  to   space 13824K,   0% used [0x00000000e27f0000, 0x00000000e27f0000, 0x00000000e3570000)
 tenured generation   total 277232K, used 265946K [0x00000000e58a0000, 0x00000000f675c000, 0x00000000fae00000)
   the space 277232K,  95% used [0x00000000e58a0000, 0x00000000f5c568d8, 0x00000000f5c56a00, 0x00000000f675c000)
 compacting perm gen  total 24128K, used 24077K [0x00000000fae00000, 0x00000000fc590000, 0x0000000100000000)
   the space 24128K,  99% used [0x00000000fae00000, 0x00000000fc583748, 0x00000000fc583800, 0x00000000fc590000)
No shared spaces configured.
Event: 167676.546 GC heap after
Heap after GC invocations=4240 (full 25):
 def new generation   total 124864K, used 10487K [0x00000000dae00000, 0x00000000e3570000, 0x00000000e58a0000)
  eden space 111040K,   0% used [0x00000000dae00000, 0x00000000dae00000, 0x00000000e1a70000)
  from space 13824K,  75% used [0x00000000e27f0000, 0x00000000e322dce8, 0x00000000e3570000)
  to   space 13824K,   0% used [0x00000000e1a70000, 0x00000000e1a70000, 0x00000000e27f0000)
 tenured generation   total 277232K, used 268781K [0x00000000e58a0000, 0x00000000f675c000, 0x00000000fae00000)
   the space 277232K,  96% used [0x00000000e58a0000, 0x00000000f5f1b4b8, 0x00000000f5f1b600, 0x00000000f675c000)
 compacting perm gen  total 24128K, used 24077K [0x00000000fae00000, 0x00000000fc590000, 0x0000000100000000)
   the space 24128K,  99% used [0x00000000fae00000, 0x00000000fc583748, 0x00000000fc583800, 0x00000000fc590000)
No shared spaces configured.
}
Event: 167680.860 GC heap before
{Heap before GC invocations=4240 (full 25):
 def new generation   total 124864K, used 121527K [0x00000000dae00000, 0x00000000e3570000, 0x00000000e58a0000)
  eden space 111040K, 100% used [0x00000000dae00000, 0x00000000e1a70000, 0x00000000e1a70000)
  from space 13824K,  75% used [0x00000000e27f0000, 0x00000000e322dce8, 0x00000000e3570000)
  to   space 13824K,   0% used [0x00000000e1a70000, 0x00000000e1a70000, 0x00000000e27f0000)
 tenured generation   total 277232K, used 268781K [0x00000000e58a0000, 0x00000000f675c000, 0x00000000fae00000)
   the space 277232K,  96% used [0x00000000e58a0000, 0x00000000f5f1b4b8, 0x00000000f5f1b600, 0x00000000f675c000)
 compacting perm gen  total 24128K, used 24077K [0x00000000fae00000, 0x00000000fc590000, 0x0000000100000000)
   the space 24128K,  99% used [0x00000000fae00000, 0x00000000fc5837f0, 0x00000000fc583800, 0x00000000fc590000)
No shared spaces configured.
Event: 167680.873 GC heap after
Heap after GC invocations=4241 (full 25):
 def new generation   total 124864K, used 8239K [0x00000000dae00000, 0x00000000e3570000, 0x00000000e58a0000)
  eden space 111040K,   0% used [0x00000000dae00000, 0x00000000dae00000, 0x00000000e1a70000)
  from space 13824K,  59% used [0x00000000e1a70000, 0x00000000e227bfa8, 0x00000000e27f0000)
  to   space 13824K,   0% used [0x00000000e27f0000, 0x00000000e27f0000, 0x00000000e3570000)
 tenured generation   total 277232K, used 273518K [0x00000000e58a0000, 0x00000000f675c000, 0x00000000fae00000)
   the space 277232K,  98% used [0x00000000e58a0000, 0x00000000f63bba30, 0x00000000f63bbc00, 0x00000000f675c000)
 compacting perm gen  total 24128K, used 24077K [0x00000000fae00000, 0x00000000fc590000, 0x0000000100000000)
   the space 24128K,  99% used [0x00000000fae00000, 0x00000000fc5837f0, 0x00000000fc583800, 0x00000000fc590000)
No shared spaces configured.
}
Event: 167685.594 GC heap before
{Heap before GC invocations=4241 (full 25):
 def new generation   total 124864K, used 119279K [0x00000000dae00000, 0x00000000e3570000, 0x00000000e58a0000)
  eden space 111040K, 100% used [0x00000000dae00000, 0x00000000e1a70000, 0x00000000e1a70000)
  from space 13824K,  59% used [0x00000000e1a70000, 0x00000000e227bfa8, 0x00000000e27f0000)
  to   space 13824K,   0% used [0x00000000e27f0000, 0x00000000e27f0000, 0x00000000e3570000)
 tenured generation   total 277232K, used 273518K [0x00000000e58a0000, 0x00000000f675c000, 0x00000000fae00000)
   the space 277232K,  98% used [0x00000000e58a0000, 0x00000000f63bba30, 0x00000000f63bbc00, 0x00000000f675c000)
 compacting perm gen  total 24128K, used 24077K [0x00000000fae00000, 0x00000000fc590000, 0x0000000100000000)
   the space 24128K,  99% used [0x00000000fae00000, 0x00000000fc5837f0, 0x00000000fc583800, 0x00000000fc590000)
No shared spaces configured.
Event: 167685.607 GC heap after
Heap after GC invocations=4242 (full 25):
 def new generation   total 124864K, used 12504K [0x00000000dae00000, 0x00000000e3570000, 0x00000000e58a0000)
  eden space 111040K,   0% used [0x00000000dae00000, 0x00000000dae00000, 0x00000000e1a70000)
  from space 13824K,  90% used [0x00000000e27f0000, 0x00000000e3426258, 0x00000000e3570000)
  to   space 13824K,   0% used [0x00000000e1a70000, 0x00000000e1a70000, 0x00000000e27f0000)
 tenured generation   total 277232K, used 276779K [0x00000000e58a0000, 0x00000000f675c000, 0x00000000fae00000)
   the space 277232K,  99% used [0x00000000e58a0000, 0x00000000f66eaec0, 0x00000000f66eb000, 0x00000000f675c000)
 compacting perm gen  total 24128K, used 24077K [0x00000000fae00000, 0x00000000fc590000, 0x0000000100000000)
   the space 24128K,  99% used [0x00000000fae00000, 0x00000000fc5837f0, 0x00000000fc583800, 0x00000000fc590000)
No shared spaces configured.
}
Event: 167689.635 GC heap before
{Heap before GC invocations=4242 (full 25):
 def new generation   total 124864K, used 123544K [0x00000000dae00000, 0x00000000e3570000, 0x00000000e58a0000)
  eden space 111040K, 100% used [0x00000000dae00000, 0x00000000e1a70000, 0x00000000e1a70000)
  from space 13824K,  90% used [0x00000000e27f0000, 0x00000000e3426328, 0x00000000e3570000)
  to   space 13824K,   0% used [0x00000000e1a70000, 0x00000000e1a70000, 0x00000000e27f0000)
 tenured generation   total 277232K, used 276779K [0x00000000e58a0000, 0x00000000f675c000, 0x00000000fae00000)
   the space 277232K,  99% used [0x00000000e58a0000, 0x00000000f66eaec0, 0x00000000f66eb000, 0x00000000f675c000)
 compacting perm gen  total 24128K, used 24077K [0x00000000fae00000, 0x00000000fc590000, 0x0000000100000000)
   the space 24128K,  99% used [0x00000000fae00000, 0x00000000fc5837f0, 0x00000000fc583800, 0x00000000fc590000)
No shared spaces configured.
Event: 167689.684 GC heap after
Heap after GC invocations=4243 (full 25):
 def new generation   total 124864K, used 13823K [0x00000000dae00000, 0x00000000e3570000, 0x00000000e58a0000)
  eden space 111040K,   0% used [0x00000000dae00000, 0x00000000dae00000, 0x00000000e1a70000)
  from space 13824K,  99% used [0x00000000e1a70000, 0x00000000e27efff8, 0x00000000e27f0000)
  to   space 13824K,   0% used [0x00000000e27f0000, 0x00000000e27f0000, 0x00000000e3570000)
 tenured generation   total 298736K, used 298682K [0x00000000e58a0000, 0x00000000f7c5c000, 0x00000000fae00000)
   the space 298736K,  99% used [0x00000000e58a0000, 0x00000000f7c4ea90, 0x00000000f7c4ec00, 0x00000000f7c5c000)
 compacting perm gen  total 24128K, used 24077K [0x00000000fae00000, 0x00000000fc590000, 0x0000000100000000)
   the space 24128K,  99% used [0x00000000fae00000, 0x00000000fc5837f0, 0x00000000fc583800, 0x00000000fc590000)
No shared spaces configured.
}
Event: 167694.554 GC heap before
{Heap before GC invocations=4243 (full 25):
 def new generation   total 124864K, used 124863K [0x00000000dae00000, 0x00000000e3570000, 0x00000000e58a0000)
  eden space 111040K, 100% used [0x00000000dae00000, 0x00000000e1a70000, 0x00000000e1a70000)
  from space 13824K,  99% used [0x00000000e1a70000, 0x00000000e27efff8, 0x00000000e27f0000)
  to   space 13824K,   0% used [0x00000000e27f0000, 0x00000000e27f0000, 0x00000000e3570000)
 tenured generation   total 298736K, used 298682K [0x00000000e58a0000, 0x00000000f7c5c000, 0x00000000fae00000)
   the space 298736K,  99% used [0x00000000e58a0000, 0x00000000f7c4ea90, 0x00000000f7c4ec00, 0x00000000f7c5c000)
 compacting perm gen  total 24128K, used 24077K [0x00000000fae00000, 0x00000000fc590000, 0x0000000100000000)
   the space 24128K,  99% used [0x00000000fae00000, 0x00000000fc5837f0, 0x00000000fc583800, 0x00000000fc590000)
No shared spaces configured.

Deoptimization events (10 events):
Event: 167619.102 Thread 0x00007fec6c284800 Uncommon trap: reason=predicate action=maybe_recompile pc=0x00007fec69667fa0 method=ayw.a(Ldt;Lej;)I @ 8
Event: 167619.102 Thread 0x00007fec6c284800 Uncommon trap: reason=bimorphic action=maybe_recompile pc=0x00007fec691c727c method=dt.a(Lej;I)Ldt; @ 5
Event: 167619.102 Thread 0x00007fec6c284800 Uncommon trap: reason=bimorphic action=maybe_recompile pc=0x00007fec691c727c method=dt.a(Lej;I)Ldt; @ 5
Event: 167619.102 Thread 0x00007fec6c284800 Uncommon trap: reason=bimorphic action=maybe_recompile pc=0x00007fec691c727c method=dt.a(Lej;I)Ldt; @ 5
Event: 167619.102 Thread 0x00007fec6c284800 Uncommon trap: reason=bimorphic action=maybe_recompile pc=0x00007fec691d771c method=dt.a(Lej;I)Ldt; @ 5
Event: 167651.736 Thread 0x00007fec6c284800 Uncommon trap: reason=unstable_if action=reinterpret pc=0x00007fec6940ceac method=bgp.a(Lxs;Ldt;)Ljava/util/List; @ 15
Event: 167651.744 Thread 0x00007fec6c284800 Uncommon trap: reason=unstable_if action=reinterpret pc=0x00007fec6935125c method=bgp.a(Lxs;Ldt;)Ljava/util/List; @ 15
Event: 167660.133 Thread 0x00007fec6c284800 Uncommon trap: reason=class_check action=maybe_recompile pc=0x00007fec696126d4 method=aqr.a(Ldt;Lbea;I)Z @ 21
Event: 167672.885 Thread 0x00007fec6c284800 Uncommon trap: reason=class_check action=maybe_recompile pc=0x00007fec696126d4 method=aqr.a(Ldt;Lbea;I)Z @ 21
Event: 167692.437 Thread 0x00007fec6c284800 Uncommon trap: reason=class_check action=maybe_recompile pc=0x00007fec696126d4 method=aqr.a(Ldt;Lbea;I)Z @ 21

Internal exceptions (10 events):
Event: 166709.351 Thread 0x00007fec6c284800 Threw 0x00000000e05170c8 at /HUDSON/workspace/7u-2-build-linux-amd64/jdk7u80/2329/hotspot/src/share/vm/prims/jvm.cpp:1319
Event: 166709.351 Thread 0x00007fec6c284800 Threw 0x00000000e051bee0 at /HUDSON/workspace/7u-2-build-linux-amd64/jdk7u80/2329/hotspot/src/share/vm/prims/jvm.cpp:1319
Event: 166709.352 Thread 0x00007fec6c284800 Threw 0x00000000e051e7e0 at /HUDSON/workspace/7u-2-build-linux-amd64/jdk7u80/2329/hotspot/src/share/vm/prims/jvm.cpp:1319
Event: 166709.354 Thread 0x00007fec6c284800 Threw 0x00000000e05212e0 at /HUDSON/workspace/7u-2-build-linux-amd64/jdk7u80/2329/hotspot/src/share/vm/prims/jvm.cpp:1319
Event: 166710.068 Thread 0x00007fec5c008800 Threw 0x00000000dc374640 at /HUDSON/workspace/7u-2-build-linux-amd64/jdk7u80/2329/hotspot/src/share/vm/prims/jvm.cpp:1319
Event: 166713.338 Thread 0x00007fec5c008800 Threw 0x00000000dc020f40 at /HUDSON/workspace/7u-2-build-linux-amd64/jdk7u80/2329/hotspot/src/share/vm/prims/jvm.cpp:1319
Event: 166713.488 Thread 0x00007fec5c008800 Threw 0x00000000dc236638 at /HUDSON/workspace/7u-2-build-linux-amd64/jdk7u80/2329/hotspot/src/share/vm/prims/jvm.cpp:1319
Event: 166713.489 Thread 0x00007fec5c008800 Threw 0x00000000dc236d78 at /HUDSON/workspace/7u-2-build-linux-amd64/jdk7u80/2329/hotspot/src/share/vm/prims/jvm.cpp:1319
Event: 166713.504 Thread 0x00007fec5c008800 Threw 0x00000000dc43c9a8 at /HUDSON/workspace/7u-2-build-linux-amd64/jdk7u80/2329/hotspot/src/share/vm/prims/jvm.cpp:1319
Event: 166713.504 Thread 0x00007fec5c008800 Threw 0x00000000dc43d100 at /HUDSON/workspace/7u-2-build-linux-amd64/jdk7u80/2329/hotspot/src/share/vm/prims/jvm.cpp:1319

Events (10 events):
Event: 167685.593 Executing VM operation: GenCollectForAllocation
Event: 167685.607 Executing VM operation: GenCollectForAllocation done
Event: 167689.634 Executing VM operation: GenCollectForAllocation
Event: 167689.635 Executing VM operation: GenCollectForAllocation done
Event: 167689.635 Executing VM operation: GenCollectFull
Event: 167689.684 Executing VM operation: GenCollectFull done
Event: 167692.430 Thread 0x00007fec6c284800 Uncommon trap: trap_request=0xffffffde fr.pc=0x00007fec696126d4
Event: 167692.439 Thread 0x00007fec6c284800 DEOPT PACKING pc=0x00007fec696126d4 sp=0x00007fec4bafc640
Event: 167692.441 Thread 0x00007fec6c284800 DEOPT UNPACKING pc=0x00007fec69039045 sp=0x00007fec4bafc608 mode 2
Event: 167694.540 Executing VM operation: GenCollectForAllocation


Dynamic libraries:
00400000-00401000 r-xp 00000000 ca:01 1228821                            /usr/lib/jvm/java-7-oracle/jre/bin/java
00600000-00601000 rw-p 00000000 ca:01 1228821                            /usr/lib/jvm/java-7-oracle/jre/bin/java
008fb000-00960000 rw-p 00000000 00:00 0                                  [heap]
dae00000-e3570000 rw-p 00000000 00:00 0 
e3ff0000-e58a0000 rw-p 00000000 00:00 0 
e58a0000-f7c5c000 rw-p 00000000 00:00 0 
f7c5c000-f819c000 ---p 00000000 00:00 0 
f819c000-fae00000 rw-p 00000000 00:00 0 
fae00000-fc590000 rw-p 00000000 00:00 0 
fc590000-fc5d0000 ---p 00000000 00:00 0 
fc5d0000-100000000 rw-p 00000000 00:00 0 
7fec4b1f0000-7fec4b1f3000 ---p 00000000 00:00 0 
7fec4b1f3000-7fec4b2f1000 rw-p 00000000 00:00 0 
7fec4b2f1000-7fec4b2f4000 ---p 00000000 00:00 0 
7fec4b2f4000-7fec4b3f2000 rw-p 00000000 00:00 0                          [stack:30618]
7fec4b3f2000-7fec4b3f5000 ---p 00000000 00:00 0 
7fec4b3f5000-7fec4b4f3000 rw-p 00000000 00:00 0                          [stack:30616]
7fec4b4f3000-7fec4b4f6000 ---p 00000000 00:00 0 
7fec4b4f6000-7fec4b5f4000 rw-p 00000000 00:00 0                          [stack:30615]
7fec4b5f4000-7fec4b5fb000 r-xp 00000000 ca:01 1052012                    /tmp/libnetty-transport-native-epoll1462391463999908027.so
7fec4b5fb000-7fec4b7fa000 ---p 00007000 ca:01 1052012                    /tmp/libnetty-transport-native-epoll1462391463999908027.so
7fec4b7fa000-7fec4b7fb000 rw-p 00006000 ca:01 1052012                    /tmp/libnetty-transport-native-epoll1462391463999908027.so
7fec4b7fb000-7fec4b7fe000 ---p 00000000 00:00 0 
7fec4b7fe000-7fec4b8fc000 rw-p 00000000 00:00 0                          [stack:30614]
7fec4b8fc000-7fec4b8ff000 ---p 00000000 00:00 0 
7fec4b8ff000-7fec4b9fd000 rw-p 00000000 00:00 0                          [stack:30609]
7fec4b9fd000-7fec4ba00000 ---p 00000000 00:00 0 
7fec4ba00000-7fec4bafe000 rw-p 00000000 00:00 0                          [stack:30608]
7fec4bafe000-7fec4bb01000 ---p 00000000 00:00 0 
7fec4bb01000-7fec4bbff000 rw-p 00000000 00:00 0                          [stack:30607]
7fec4bbff000-7fec4bc02000 ---p 00000000 00:00 0 
7fec4bc02000-7fec4c000000 rw-p 00000000 00:00 0                          [stack:30606]
7fec4c000000-7fec4d8fe000 rw-p 00000000 00:00 0 
7fec4d8fe000-7fec50000000 ---p 00000000 00:00 0 
7fec50000000-7fec50021000 rw-p 00000000 00:00 0 
7fec50021000-7fec54000000 ---p 00000000 00:00 0 
7fec54000000-7fec54021000 rw-p 00000000 00:00 0 
7fec54021000-7fec58000000 ---p 00000000 00:00 0 
7fec58000000-7fec5aa4b000 rw-p 00000000 00:00 0 
7fec5aa4b000-7fec5c000000 ---p 00000000 00:00 0 
7fec5c000000-7fec5c43e000 rw-p 00000000 00:00 0 
7fec5c43e000-7fec60000000 ---p 00000000 00:00 0 
7fec60000000-7fec60045000 rw-p 00000000 00:00 0 
7fec60045000-7fec64000000 ---p 00000000 00:00 0 
7fec64000000-7fec64344000 rw-p 00000000 00:00 0 
7fec64344000-7fec68000000 ---p 00000000 00:00 0 
7fec68013000-7fec68016000 ---p 00000000 00:00 0 
7fec68016000-7fec6804c000 rw-p 00000000 00:00 0 
7fec6804c000-7fec68081000 r--s 00000000 ca:01 262310                     /var/cache/nscd/hosts
7fec68081000-7fec68091000 r-xp 00000000 ca:01 565890                     /usr/lib/jvm/java-7-oracle/jre/lib/amd64/libnio.so
7fec68091000-7fec68291000 ---p 00010000 ca:01 565890                     /usr/lib/jvm/java-7-oracle/jre/lib/amd64/libnio.so
7fec68291000-7fec68292000 rw-p 00010000 ca:01 565890                     /usr/lib/jvm/java-7-oracle/jre/lib/amd64/libnio.so
7fec68292000-7fec682a9000 r-xp 00000000 ca:01 565907                     /usr/lib/jvm/java-7-oracle/jre/lib/amd64/libnet.so
7fec682a9000-7fec684a8000 ---p 00017000 ca:01 565907                     /usr/lib/jvm/java-7-oracle/jre/lib/amd64/libnet.so
7fec684a8000-7fec684a9000 rw-p 00016000 ca:01 565907                     /usr/lib/jvm/java-7-oracle/jre/lib/amd64/libnet.so
7fec684a9000-7fec684b1000 r-xp 00000000 ca:01 565905                     /usr/lib/jvm/java-7-oracle/jre/lib/amd64/libmanagement.so
7fec684b1000-7fec686b0000 ---p 00008000 ca:01 565905                     /usr/lib/jvm/java-7-oracle/jre/lib/amd64/libmanagement.so
7fec686b0000-7fec686b1000 rw-p 00007000 ca:01 565905                     /usr/lib/jvm/java-7-oracle/jre/lib/amd64/libmanagement.so
7fec686b1000-7fec68731000 r--s 0070a000 ca:01 1049740                    /FTP/minecraft_server.jar
7fec68731000-7fec68732000 ---p 00000000 00:00 0 
7fec68732000-7fec68832000 rw-p 00000000 00:00 0                          [stack:30588]
7fec68832000-7fec68835000 ---p 00000000 00:00 0 
7fec68835000-7fec68933000 rw-p 00000000 00:00 0                          [stack:30587]
7fec68933000-7fec68936000 ---p 00000000 00:00 0 
7fec68936000-7fec68a34000 rw-p 00000000 00:00 0                          [stack:30586]
7fec68a34000-7fec68a37000 ---p 00000000 00:00 0 
7fec68a37000-7fec68b35000 rw-p 00000000 00:00 0                          [stack:30585]
7fec68b35000-7fec68b38000 ---p 00000000 00:00 0 
7fec68b38000-7fec68c36000 rw-p 00000000 00:00 0                          [stack:30584]
7fec68c36000-7fec68eff000 r--p 00000000 ca:01 1179800                    /usr/lib/locale/locale-archive
7fec68eff000-7fec68f02000 ---p 00000000 00:00 0 
7fec68f02000-7fec69000000 rw-p 00000000 00:00 0                          [stack:30583]
7fec69000000-7fec696f0000 rwxp 00000000 00:00 0 
7fec696f0000-7fec6c788000 rw-p 00000000 00:00 0 
7fec6c788000-7fec70000000 ---p 00000000 00:00 0 
7fec70029000-7fec7002c000 ---p 00000000 00:00 0 
7fec7002c000-7fec7012a000 rw-p 00000000 00:00 0                          [stack:30582]
7fec7012a000-7fec7012b000 ---p 00000000 00:00 0 
7fec7012b000-7fec70276000 rw-p 00000000 00:00 0                          [stack:30581]
7fec70276000-7fec70436000 r--s 039fb000 ca:01 1228889                    /usr/lib/jvm/java-7-oracle/jre/lib/rt.jar
7fec70436000-7fec70513000 rw-p 00000000 00:00 0 
7fec70513000-7fec70531000 rw-p 00000000 00:00 0 
7fec70531000-7fec705c3000 rw-p 00000000 00:00 0 
7fec705c3000-7fec705c6000 ---p 00000000 00:00 0 
7fec705c6000-7fec705dc000 rw-p 00000000 00:00 0 
7fec705dc000-7fec70620000 rw-p 00000000 00:00 0 
7fec70620000-7fec70631000 rw-p 00000000 00:00 0 
7fec70631000-7fec706c4000 rw-p 00000000 00:00 0 
7fec706c4000-7fec706c6000 ---p 00000000 00:00 0 
7fec706c6000-7fec706dc000 rw-p 00000000 00:00 0 
7fec706dc000-7fec706e8000 rw-p 00000000 00:00 0 
7fec706e8000-7fec70705000 rw-p 00000000 00:00 0 
7fec70705000-7fec70706000 rw-p 00000000 00:00 0 
7fec70706000-7fec7071d000 r-xp 00000000 ca:01 565918                     /usr/lib/jvm/java-7-oracle/jre/lib/amd64/libzip.so
7fec7071d000-7fec7091d000 ---p 00017000 ca:01 565918                     /usr/lib/jvm/java-7-oracle/jre/lib/amd64/libzip.so
7fec7091d000-7fec7091e000 rw-p 00017000 ca:01 565918                     /usr/lib/jvm/java-7-oracle/jre/lib/amd64/libzip.so
7fec7091e000-7fec70929000 r-xp 00000000 ca:01 786730                     /lib/x86_64-linux-gnu/libnss_files-2.19.so
7fec70929000-7fec70b28000 ---p 0000b000 ca:01 786730                     /lib/x86_64-linux-gnu/libnss_files-2.19.so
7fec70b28000-7fec70b29000 r--p 0000a000 ca:01 786730                     /lib/x86_64-linux-gnu/libnss_files-2.19.so
7fec70b29000-7fec70b2a000 rw-p 0000b000 ca:01 786730                     /lib/x86_64-linux-gnu/libnss_files-2.19.so
7fec70b2a000-7fec70b35000 r-xp 00000000 ca:01 786774                     /lib/x86_64-linux-gnu/libnss_nis-2.19.so
7fec70b35000-7fec70d34000 ---p 0000b000 ca:01 786774                     /lib/x86_64-linux-gnu/libnss_nis-2.19.so
7fec70d34000-7fec70d35000 r--p 0000a000 ca:01 786774                     /lib/x86_64-linux-gnu/libnss_nis-2.19.so
7fec70d35000-7fec70d36000 rw-p 0000b000 ca:01 786774                     /lib/x86_64-linux-gnu/libnss_nis-2.19.so
7fec70d36000-7fec70d4d000 r-xp 00000000 ca:01 786762                     /lib/x86_64-linux-gnu/libnsl-2.19.so
7fec70d4d000-7fec70f4c000 ---p 00017000 ca:01 786762                     /lib/x86_64-linux-gnu/libnsl-2.19.so
7fec70f4c000-7fec70f4d000 r--p 00016000 ca:01 786762                     /lib/x86_64-linux-gnu/libnsl-2.19.so
7fec70f4d000-7fec70f4e000 rw-p 00017000 ca:01 786762                     /lib/x86_64-linux-gnu/libnsl-2.19.so
7fec70f4e000-7fec70f50000 rw-p 00000000 00:00 0 
7fec70f50000-7fec70f59000 r-xp 00000000 ca:01 786760                     /lib/x86_64-linux-gnu/libnss_compat-2.19.so
7fec70f59000-7fec71158000 ---p 00009000 ca:01 786760                     /lib/x86_64-linux-gnu/libnss_compat-2.19.so
7fec71158000-7fec71159000 r--p 00008000 ca:01 786760                     /lib/x86_64-linux-gnu/libnss_compat-2.19.so
7fec71159000-7fec7115a000 rw-p 00009000 ca:01 786760                     /lib/x86_64-linux-gnu/libnss_compat-2.19.so
7fec7115a000-7fec71183000 r-xp 00000000 ca:01 565885                     /usr/lib/jvm/java-7-oracle/jre/lib/amd64/libjava.so
7fec71183000-7fec71383000 ---p 00029000 ca:01 565885                     /usr/lib/jvm/java-7-oracle/jre/lib/amd64/libjava.so
7fec71383000-7fec71385000 rw-p 00029000 ca:01 565885                     /usr/lib/jvm/java-7-oracle/jre/lib/amd64/libjava.so
7fec71385000-7fec71392000 r-xp 00000000 ca:01 565902                     /usr/lib/jvm/java-7-oracle/jre/lib/amd64/libverify.so
7fec71392000-7fec71591000 ---p 0000d000 ca:01 565902                     /usr/lib/jvm/java-7-oracle/jre/lib/amd64/libverify.so
7fec71591000-7fec71593000 rw-p 0000c000 ca:01 565902                     /usr/lib/jvm/java-7-oracle/jre/lib/amd64/libverify.so
7fec71593000-7fec7159a000 r-xp 00000000 ca:01 786771                     /lib/x86_64-linux-gnu/librt-2.19.so
7fec7159a000-7fec71799000 ---p 00007000 ca:01 786771                     /lib/x86_64-linux-gnu/librt-2.19.so
7fec71799000-7fec7179a000 r--p 00006000 ca:01 786771                     /lib/x86_64-linux-gnu/librt-2.19.so
7fec7179a000-7fec7179b000 rw-p 00007000 ca:01 786771                     /lib/x86_64-linux-gnu/librt-2.19.so
7fec7179b000-7fec718a0000 r-xp 00000000 ca:01 786531                     /lib/x86_64-linux-gnu/libm-2.19.so
7fec718a0000-7fec71a9f000 ---p 00105000 ca:01 786531                     /lib/x86_64-linux-gnu/libm-2.19.so
7fec71a9f000-7fec71aa0000 r--p 00104000 ca:01 786531                     /lib/x86_64-linux-gnu/libm-2.19.so
7fec71aa0000-7fec71aa1000 rw-p 00105000 ca:01 786531                     /lib/x86_64-linux-gnu/libm-2.19.so
7fec71aa1000-7fec72617000 r-xp 00000000 ca:01 716673                     /usr/lib/jvm/java-7-oracle/jre/lib/amd64/server/libjvm.so
7fec72617000-7fec72816000 ---p 00b76000 ca:01 716673                     /usr/lib/jvm/java-7-oracle/jre/lib/amd64/server/libjvm.so
7fec72816000-7fec728da000 rw-p 00b75000 ca:01 716673                     /usr/lib/jvm/java-7-oracle/jre/lib/amd64/server/libjvm.so
7fec728da000-7fec7291b000 rw-p 00000000 00:00 0 
7fec7291b000-7fec72ad6000 r-xp 00000000 ca:01 786768                     /lib/x86_64-linux-gnu/libc-2.19.so
7fec72ad6000-7fec72cd5000 ---p 001bb000 ca:01 786768                     /lib/x86_64-linux-gnu/libc-2.19.so
7fec72cd5000-7fec72cd9000 r--p 001ba000 ca:01 786768                     /lib/x86_64-linux-gnu/libc-2.19.so
7fec72cd9000-7fec72cdb000 rw-p 001be000 ca:01 786768                     /lib/x86_64-linux-gnu/libc-2.19.so
7fec72cdb000-7fec72ce0000 rw-p 00000000 00:00 0 
7fec72ce0000-7fec72ce3000 r-xp 00000000 ca:01 786750                     /lib/x86_64-linux-gnu/libdl-2.19.so
7fec72ce3000-7fec72ee2000 ---p 00003000 ca:01 786750                     /lib/x86_64-linux-gnu/libdl-2.19.so
7fec72ee2000-7fec72ee3000 r--p 00002000 ca:01 786750                     /lib/x86_64-linux-gnu/libdl-2.19.so
7fec72ee3000-7fec72ee4000 rw-p 00003000 ca:01 786750                     /lib/x86_64-linux-gnu/libdl-2.19.so
7fec72ee4000-7fec72ef9000 r-xp 00000000 ca:01 565895                     /usr/lib/jvm/java-7-oracle/jre/lib/amd64/jli/libjli.so
7fec72ef9000-7fec730f8000 ---p 00015000 ca:01 565895                     /usr/lib/jvm/java-7-oracle/jre/lib/amd64/jli/libjli.so
7fec730f8000-7fec730f9000 rw-p 00014000 ca:01 565895                     /usr/lib/jvm/java-7-oracle/jre/lib/amd64/jli/libjli.so
7fec730f9000-7fec73112000 r-xp 00000000 ca:01 786769                     /lib/x86_64-linux-gnu/libpthread-2.19.so
7fec73112000-7fec73311000 ---p 00019000 ca:01 786769                     /lib/x86_64-linux-gnu/libpthread-2.19.so
7fec73311000-7fec73312000 r--p 00018000 ca:01 786769                     /lib/x86_64-linux-gnu/libpthread-2.19.so
7fec73312000-7fec73313000 rw-p 00019000 ca:01 786769                     /lib/x86_64-linux-gnu/libpthread-2.19.so
7fec73313000-7fec73317000 rw-p 00000000 00:00 0 
7fec73317000-7fec7333a000 r-xp 00000000 ca:01 786764                     /lib/x86_64-linux-gnu/ld-2.19.so
7fec73352000-7fec7336e000 rw-p 00000000 00:00 0 
7fec7336e000-7fec73412000 rw-p 00000000 00:00 0 
7fec73412000-7fec73415000 ---p 00000000 00:00 0 
7fec73415000-7fec73518000 rw-p 00000000 00:00 0                          [stack:30580]
7fec73518000-7fec7351c000 r--s 000f7000 ca:01 1228844                    /usr/lib/jvm/java-7-oracle/jre/lib/ext/localedata.jar
7fec7351c000-7fec7351f000 r--s 00019000 ca:01 1228879                    /usr/lib/jvm/java-7-oracle/jre/lib/jce.jar
7fec7351f000-7fec73523000 r--s 0008b000 ca:01 1228858                    /usr/lib/jvm/java-7-oracle/jre/lib/jsse.jar
7fec73523000-7fec7352d000 r--s 00253000 ca:01 1228850                    /usr/lib/jvm/java-7-oracle/jre/lib/resources.jar
7fec7352d000-7fec73535000 rw-s 00000000 ca:01 1049731                    /tmp/hsperfdata_root/30579
7fec73535000-7fec73536000 rw-p 00000000 00:00 0 
7fec73536000-7fec73537000 ---p 00000000 00:00 0 
7fec73537000-7fec73539000 rw-p 00000000 00:00 0 
7fec73539000-7fec7353a000 r--p 00022000 ca:01 786764                     /lib/x86_64-linux-gnu/ld-2.19.so
7fec7353a000-7fec7353b000 rw-p 00023000 ca:01 786764                     /lib/x86_64-linux-gnu/ld-2.19.so
7fec7353b000-7fec7353c000 rw-p 00000000 00:00 0 
7fff1ada2000-7fff1adc3000 rw-p 00000000 00:00 0                          [stack]
7fff1adfe000-7fff1ae00000 r-xp 00000000 00:00 0                          [vdso]
ffffffffff600000-ffffffffff601000 r-xp 00000000 00:00 0                  [vsyscall]

VM Arguments:
jvm_args: -Xms128M -Xmx512M 
java_command: /FTP/minecraft_server.jar nogui
Launcher Type: SUN_STANDARD

Environment Variables:
PATH=/usr/local/sbin:/usr/local/bin:/usr/sbin:/usr/bin:/sbin:/bin:/usr/games:/usr/local/games
SHELL=/bin/bash

Signal Handlers:
SIGSEGV: [libjvm.so+0x9a3b20], sa_mask[0]=0x7ffbfeff, sa_flags=0x10000004
SIGBUS: [libjvm.so+0x9a3b20], sa_mask[0]=0x7ffbfeff, sa_flags=0x10000004
SIGFPE: [libjvm.so+0x81e740], sa_mask[0]=0x7ffbfeff, sa_flags=0x10000004
SIGPIPE: [libjvm.so+0x81e740], sa_mask[0]=0x7ffbfeff, sa_flags=0x10000004
SIGXFSZ: [libjvm.so+0x81e740], sa_mask[0]=0x7ffbfeff, sa_flags=0x10000004
SIGILL: [libjvm.so+0x81e740], sa_mask[0]=0x7ffbfeff, sa_flags=0x10000004
SIGUSR1: SIG_DFL, sa_mask[0]=0x00000000, sa_flags=0x00000000
SIGUSR2: [libjvm.so+0x81ffb0], sa_mask[0]=0x00000000, sa_flags=0x10000004
SIGHUP: [libjvm.so+0x8210d0], sa_mask[0]=0x7ffbfeff, sa_flags=0x10000004
SIGINT: [libjvm.so+0x8210d0], sa_mask[0]=0x7ffbfeff, sa_flags=0x10000004
SIGTERM: [libjvm.so+0x8210d0], sa_mask[0]=0x7ffbfeff, sa_flags=0x10000004
SIGQUIT: [libjvm.so+0x8210d0], sa_mask[0]=0x7ffbfeff, sa_flags=0x10000004


---------------  S Y S T E M  ---------------

OS:jessie/sid

uname:Linux 3.13.0-32-generic #57-Ubuntu SMP Tue Jul 15 03:51:08 UTC 2014 x86_64
libc:glibc 2.19 NPTL 2.19 
rlimit: STACK 8192k, CORE 0k, NPROC 7706, NOFILE 65535, AS infinity
load average:0.76 0.48 0.36

/proc/meminfo:
MemTotal:        1016272 kB
MemFree:           53928 kB
Buffers:             708 kB
Cached:            17292 kB
SwapCached:            0 kB
Active:           881172 kB
Inactive:          13224 kB
Active(anon):     879448 kB
Inactive(anon):     5108 kB
Active(file):       1724 kB
Inactive(file):     8116 kB
Unevictable:           0 kB
Mlocked:               0 kB
SwapTotal:             0 kB
SwapFree:              0 kB
Dirty:                16 kB
Writeback:             0 kB
AnonPages:        876408 kB
Mapped:             9332 kB
Shmem:              8148 kB
Slab:              31888 kB
SReclaimable:      13956 kB
SUnreclaim:        17932 kB
KernelStack:        3056 kB
PageTables:        16004 kB
NFS_Unstable:          0 kB
Bounce:                0 kB
WritebackTmp:          0 kB
CommitLimit:      508136 kB
Committed_AS:    2469900 kB
VmallocTotal:   34359738367 kB
VmallocUsed:        4800 kB
VmallocChunk:   34359721576 kB
HardwareCorrupted:     0 kB
AnonHugePages:    538624 kB
HugePages_Total:       0
HugePages_Free:        0
HugePages_Rsvd:        0
HugePages_Surp:        0
Hugepagesize:       2048 kB
DirectMap4k:       43008 kB
DirectMap2M:     1136640 kB


CPU:total 1 (32 cores per cpu, 2 threads per core) family 6 model 45 stepping 7, cmov, cx8, fxsr, mmx, sse, sse2, sse3, ssse3, sse4.1, sse4.2, popcnt, aes, ht, tsc

/proc/cpuinfo:
processor	: 0
vendor_id	: GenuineIntel
cpu family	: 6
model		: 45
model name	: Intel(R) Xeon(R) CPU E5-2430 0 @ 2.20GHz
stepping	: 7
microcode	: 0x70d
cpu MHz		: 2200.080
cache size	: 15360 KB
physical id	: 0
siblings	: 1
core id		: 0
cpu cores	: 1
apicid		: 0
initial apicid	: 0
fpu		: yes
fpu_exception	: yes
cpuid level	: 13
wp		: yes
flags		: fpu vme de pse tsc msr pae mce cx8 apic sep mtrr pge mca cmov pat clflush mmx fxsr sse sse2 ht syscall nx rdtscp lm constant_tsc rep_good nopl pni ssse3 cx16 sse4_1 sse4_2 popcnt aes hypervisor lahf_lm
bogomips	: 4400.16
clflush size	: 64
cache_alignment	: 64
address sizes	: 46 bits physical, 48 bits virtual
power management:



Memory: 4k page, physical 1016272k(53928k free), swap 0k(0k free)

vm_info: Java HotSpot(TM) 64-Bit Server VM (24.80-b11) for linux-amd64 JRE (1.7.0_80-b15), built on Apr 10 2015 19:53:14 by "java_re" with gcc 4.3.0 20080428 (Red Hat 4.3.0-8)

time: Sun Jan 10 10:55:53 2016
elapsed time: 167695 seconds

