[19:06:05] [Server thread/INFO]: Starting minecraft server version 1.8.1
[19:06:05] [Server thread/WARN]: To start the server with more ram, launch it as "java -Xmx1024M -Xms1024M -jar minecraft_server.jar"
[19:06:05] [Server thread/INFO]: Loading properties
[19:06:05] [Server thread/INFO]: Default game type: SURVIVAL
[19:06:05] [Server thread/INFO]: Generating keypair
[19:06:06] [Server thread/INFO]: Starting Minecraft server on *:25565
[19:06:06] [Server thread/INFO]: Using epoll channel type
[19:06:06] [Server thread/WARN]: **** SERVER IS RUNNING IN OFFLINE/INSECURE MODE!
[19:06:06] [Server thread/WARN]: The server will make no attempt to authenticate usernames. Beware.
[19:06:06] [Server thread/WARN]: While this makes the game possible to play without internet access, it also opens up the ability for hackers to connect with any username they choose.
[19:06:06] [Server thread/WARN]: To change this, set "online-mode" to "true" in the server.properties file.
[19:06:07] [Server thread/INFO]: Preparing level "world"
[19:06:07] [Server thread/INFO]: Preparing start region for level 0
[19:06:08] [Server thread/INFO]: Preparing spawn area: 3%
[19:06:09] [Server thread/INFO]: Preparing spawn area: 29%
[19:06:10] [Server thread/INFO]: Preparing spawn area: 76%
[19:06:10] [Server thread/INFO]: Done (3.947s)! For help, type "help" or "?"
[19:06:15] [Server thread/WARN]: Can't keep up! Did the system time change, or is the server overloaded? Running 2543ms behind, skipping 50 tick(s)
[19:06:16] [Server thread/INFO]: fyc[/202.206.209.246:23863] logged in with entity id 390 at (66.53164409894828, 50.0, 433.4742781440088)
[19:06:16] [Server thread/INFO]: fyc joined the game
[19:06:36] [Server thread/WARN]: Can't keep up! Did the system time change, or is the server overloaded? Running 4659ms behind, skipping 93 tick(s)
[19:11:36] [Server thread/WARN]: Can't keep up! Did the system time change, or is the server overloaded? Running 2760ms behind, skipping 55 tick(s)
[19:58:43] [Server thread/INFO]: fyc burned to death
[19:59:05] [Server thread/WARN]: Can't keep up! Did the system time change, or is the server overloaded? Running 3235ms behind, skipping 64 tick(s)
[19:59:06] [Server thread/INFO]: fyc lost connection: TextComponent{text='Disconnected', siblings=[], style=Style{hasParent=false, color=null, bold=null, italic=null, underlined=null, obfuscated=null, clickEvent=null, hoverEvent=null, insertion=null}}
[19:59:06] [Server thread/INFO]: fyc left the game
[20:07:06] [Server thread/WARN]: Can't keep up! Did the system time change, or is the server overloaded? Running 5396ms behind, skipping 107 tick(s)
[20:10:09] [Server thread/WARN]: Can't keep up! Did the system time change, or is the server overloaded? Running 4847ms behind, skipping 96 tick(s)
